# JRE version: OpenJDK Runtime Environment (11.0.12+7) (build 11.0.12+7-b1504.28-7817840)
# Java VM: OpenJDK 64-Bit Server VM (11.0.12+7-b1504.28-7817840, mixed mode, tiered, compressed oops, g1 gc, windows-amd64)
Heap:
 garbage-first heap   total 705536K, used 199680K [0x0000000080000000, 0x0000000100000000)
  region size 1024K, 11 young (11264K), 11 survivors (11264K)
 Metaspace       used 149163K, capacity 155012K, committed 155136K, reserved 1183744K
  class space    used 18369K, capacity 20439K, committed 20480K, reserved 1048576K
GC Heap History (20 events):
Event: 3530.702 GC heap after
{Heap after GC invocations=131 (full 0):
 garbage-first heap   total 343040K, used 153399K [0x0000000080000000, 0x0000000100000000)
  region size 1024K, 7 young (7168K), 7 survivors (7168K)
 Metaspace       used 149014K, capacity 154878K, committed 155136K, reserved 1183744K
  class space    used 18353K, capacity 20419K, committed 20480K, reserved 1048576K
}
Event: 3531.707 GC heap before
{Heap before GC invocations=132 (full 0):
 garbage-first heap   total 343040K, used 262967K [0x0000000080000000, 0x0000000100000000)
  region size 1024K, 115 young (117760K), 7 survivors (7168K)
 Metaspace       used 149041K, capacity 154890K, committed 155136K, reserved 1183744K
  class space    used 18354K, capacity 20422K, committed 20480K, reserved 1048576K
}
Event: 3531.734 GC heap after
{Heap after GC invocations=133 (full 0):
 garbage-first heap   total 343040K, used 158052K [0x0000000080000000, 0x0000000100000000)
  region size 1024K, 15 young (15360K), 15 survivors (15360K)
 Metaspace       used 149041K, capacity 154890K, committed 155136K, reserved 1183744K
  class space    used 18354K, capacity 20422K, committed 20480K, reserved 1048576K
}
Event: 3531.737 GC heap before
{Heap before GC invocations=133 (full 0):
 garbage-first heap   total 343040K, used 159076K [0x0000000080000000, 0x0000000100000000)
  region size 1024K, 16 young (16384K), 15 survivors (15360K)
 Metaspace       used 149041K, capacity 154890K, committed 155136K, reserved 1183744K
  class space    used 18354K, capacity 20422K, committed 20480K, reserved 1048576K
}
Event: 3531.762 GC heap after
{Heap after GC invocations=134 (full 0):
 garbage-first heap   total 343040K, used 136588K [0x0000000080000000, 0x0000000100000000)
  region size 1024K, 2 young (2048K), 2 survivors (2048K)
 Metaspace       used 149041K, capacity 154890K, committed 155136K, reserved 1183744K
  class space    used 18354K, capacity 20422K, committed 20480K, reserved 1048576K
}
Event: 3532.444 GC heap before
{Heap before GC invocations=134 (full 0):
 garbage-first heap   total 343040K, used 240012K [0x0000000080000000, 0x0000000100000000)
  region size 1024K, 104 young (106496K), 2 survivors (2048K)
 Metaspace       used 149065K, capacity 154901K, committed 155136K, reserved 1183744K
  class space    used 18356K, capacity 20425K, committed 20480K, reserved 1048576K
}
Event: 3532.457 GC heap after
{Heap after GC invocations=135 (full 0):
 garbage-first heap   total 343040K, used 136029K [0x0000000080000000, 0x0000000100000000)
  region size 1024K, 4 young (4096K), 4 survivors (4096K)
 Metaspace       used 149065K, capacity 154901K, committed 155136K, reserved 1183744K
  class space    used 18356K, capacity 20425K, committed 20480K, reserved 1048576K
}
Event: 3533.403 GC heap before
{Heap before GC invocations=136 (full 0):
 garbage-first heap   total 343040K, used 265053K [0x0000000080000000, 0x0000000100000000)
  region size 1024K, 128 young (131072K), 4 survivors (4096K)
 Metaspace       used 149079K, capacity 154906K, committed 155136K, reserved 1183744K
  class space    used 18357K, capacity 20426K, committed 20480K, reserved 1048576K
}
Event: 3533.433 GC heap after
{Heap after GC invocations=137 (full 0):
 garbage-first heap   total 343040K, used 151008K [0x0000000080000000, 0x0000000100000000)
  region size 1024K, 16 young (16384K), 16 survivors (16384K)
 Metaspace       used 149079K, capacity 154906K, committed 155136K, reserved 1183744K
  class space    used 18357K, capacity 20426K, committed 20480K, reserved 1048576K
}
Event: 3533.438 GC heap before
{Heap before GC invocations=137 (full 0):
 garbage-first heap   total 343040K, used 152032K [0x0000000080000000, 0x0000000100000000)
  region size 1024K, 17 young (17408K), 16 survivors (16384K)
 Metaspace       used 149079K, capacity 154906K, committed 155136K, reserved 1183744K
  class space    used 18357K, capacity 20426K, committed 20480K, reserved 1048576K
}
Event: 3533.470 GC heap after
{Heap after GC invocations=138 (full 0):
 garbage-first heap   total 411648K, used 141420K [0x0000000080000000, 0x0000000100000000)
  region size 1024K, 2 young (2048K), 2 survivors (2048K)
 Metaspace       used 149079K, capacity 154906K, committed 155136K, reserved 1183744K
  class space    used 18357K, capacity 20426K, committed 20480K, reserved 1048576K
}
Event: 3533.867 GC heap before
{Heap before GC invocations=138 (full 0):
 garbage-first heap   total 411648K, used 189548K [0x0000000080000000, 0x0000000100000000)
  region size 1024K, 50 young (51200K), 2 survivors (2048K)
 Metaspace       used 149109K, capacity 154978K, committed 155136K, reserved 1183744K
  class space    used 18361K, capacity 20428K, committed 20480K, reserved 1048576K
}
Event: 3533.882 GC heap after
{Heap after GC invocations=139 (full 0):
 garbage-first heap   total 411648K, used 139842K [0x0000000080000000, 0x0000000100000000)
  region size 1024K, 2 young (2048K), 2 survivors (2048K)
 Metaspace       used 149109K, capacity 154978K, committed 155136K, reserved 1183744K
  class space    used 18361K, capacity 20428K, committed 20480K, reserved 1048576K
}
Event: 3535.110 GC heap before
{Heap before GC invocations=140 (full 0):
 garbage-first heap   total 411648K, used 319042K [0x0000000080000000, 0x0000000100000000)
  region size 1024K, 174 young (178176K), 2 survivors (2048K)
 Metaspace       used 149120K, capacity 154979K, committed 155136K, reserved 1183744K
  class space    used 18361K, capacity 20428K, committed 20480K, reserved 1048576K
}
Event: 3535.174 GC heap after
{Heap after GC invocations=141 (full 0):
 garbage-first heap   total 411648K, used 176872K [0x0000000080000000, 0x0000000100000000)
  region size 1024K, 22 young (22528K), 22 survivors (22528K)
 Metaspace       used 149120K, capacity 154979K, committed 155136K, reserved 1183744K
  class space    used 18361K, capacity 20428K, committed 20480K, reserved 1048576K
}
Event: 3535.182 GC heap before
{Heap before GC invocations=141 (full 0):
 garbage-first heap   total 411648K, used 177896K [0x0000000080000000, 0x0000000100000000)
  region size 1024K, 23 young (23552K), 22 survivors (22528K)
 Metaspace       used 149121K, capacity 154979K, committed 155136K, reserved 1183744K
  class space    used 18361K, capacity 20428K, committed 20480K, reserved 1048576K
}
Event: 3535.230 GC heap after
{Heap after GC invocations=142 (full 0):
 garbage-first heap   total 411648K, used 166903K [0x0000000080000000, 0x0000000100000000)
  region size 1024K, 2 young (2048K), 2 survivors (2048K)
 Metaspace       used 149121K, capacity 154979K, committed 155136K, reserved 1183744K
  class space    used 18361K, capacity 20428K, committed 20480K, reserved 1048576K
}
Event: 3535.777 GC heap before
{Heap before GC invocations=142 (full 0):
 garbage-first heap   total 411648K, used 312311K [0x0000000080000000, 0x0000000100000000)
  region size 1024K, 144 young (147456K), 2 survivors (2048K)
 Metaspace       used 149125K, capacity 154982K, committed 155136K, reserved 1183744K
  class space    used 18362K, capacity 20429K, committed 20480K, reserved 1048576K
}
Event: 3535.861 GC heap after
{Heap after GC invocations=143 (full 0):
 garbage-first heap   total 411648K, used 190464K [0x0000000080000000, 0x0000000100000000)
  region size 1024K, 18 young (18432K), 18 survivors (18432K)
 Metaspace       used 149125K, capacity 154982K, committed 155136K, reserved 1183744K
  class space    used 18362K, capacity 20429K, committed 20480K, reserved 1048576K
}
Event: 3536.979 GC heap before
{Heap before GC invocations=144 (full 0):
 garbage-first heap   total 411648K, used 316416K [0x0000000080000000, 0x0000000100000000)
  region size 1024K, 143 young (146432K), 18 survivors (18432K)
 Metaspace       used 149163K, capacity 155012K, committed 155136K, reserved 1183744K
  class space    used 18369K, capacity 20439K, committed 20480K, reserved 1048576K
}

