# JRE version: OpenJDK Runtime Environment (11.0.12+7) (build 11.0.12+7-b1504.28-7817840)
# Java VM: OpenJDK 64-Bit Server VM (11.0.12+7-b1504.28-7817840, mixed mode, tiered, compressed oops, g1 gc, windows-amd64)
Heap:
 garbage-first heap   total 703488K, used 229268K [0x0000000080000000, 0x0000000100000000)
  region size 1024K, 3 young (3072K), 3 survivors (3072K)
 Metaspace       used 110195K, capacity 112809K, committed 112940K, reserved 1146880K
  class space    used 14207K, capacity 15193K, committed 15232K, reserved 1048576K
GC Heap History (20 events):
Event: 40.616 GC heap after
{Heap after GC invocations=40 (full 0):
 garbage-first heap   total 227328K, used 160174K [0x0000000080000000, 0x0000000100000000)
  region size 1024K, 2 young (2048K), 2 survivors (2048K)
 Metaspace       used 106439K, capacity 108785K, committed 109100K, reserved 1144832K
  class space    used 13727K, capacity 14624K, committed 14720K, reserved 1048576K
}
Event: 40.727 GC heap before
{Heap before GC invocations=40 (full 0):
 garbage-first heap   total 227328K, used 169390K [0x0000000080000000, 0x0000000100000000)
  region size 1024K, 11 young (11264K), 2 survivors (2048K)
 Metaspace       used 106454K, capacity 108786K, committed 109100K, reserved 1144832K
  class space    used 13727K, capacity 14624K, committed 14720K, reserved 1048576K
}
Event: 40.743 GC heap after
{Heap after GC invocations=41 (full 0):
 garbage-first heap   total 273408K, used 164864K [0x0000000080000000, 0x0000000100000000)
  region size 1024K, 2 young (2048K), 2 survivors (2048K)
 Metaspace       used 106454K, capacity 108786K, committed 109100K, reserved 1144832K
  class space    used 13727K, capacity 14624K, committed 14720K, reserved 1048576K
}
Event: 41.456 GC heap before
{Heap before GC invocations=42 (full 0):
 garbage-first heap   total 273408K, used 197632K [0x0000000080000000, 0x0000000100000000)
  region size 1024K, 34 young (34816K), 2 survivors (2048K)
 Metaspace       used 106506K, capacity 108839K, committed 109100K, reserved 1144832K
  class space    used 13724K, capacity 14618K, committed 14720K, reserved 1048576K
}
Event: 41.491 GC heap after
{Heap after GC invocations=43 (full 0):
 garbage-first heap   total 273408K, used 181463K [0x0000000080000000, 0x0000000100000000)
  region size 1024K, 5 young (5120K), 5 survivors (5120K)
 Metaspace       used 106506K, capacity 108839K, committed 109100K, reserved 1144832K
  class space    used 13724K, capacity 14618K, committed 14720K, reserved 1048576K
}
Event: 41.544 GC heap before
{Heap before GC invocations=43 (full 0):
 garbage-first heap   total 273408K, used 189655K [0x0000000080000000, 0x0000000100000000)
  region size 1024K, 13 young (13312K), 5 survivors (5120K)
 Metaspace       used 106506K, capacity 108839K, committed 109100K, reserved 1144832K
  class space    used 13724K, capacity 14618K, committed 14720K, reserved 1048576K
}
Event: 41.572 GC heap after
{Heap after GC invocations=44 (full 0):
 garbage-first heap   total 273408K, used 186368K [0x0000000080000000, 0x0000000100000000)
  region size 1024K, 2 young (2048K), 2 survivors (2048K)
 Metaspace       used 106506K, capacity 108839K, committed 109100K, reserved 1144832K
  class space    used 13724K, capacity 14618K, committed 14720K, reserved 1048576K
}
Event: 41.833 GC heap before
{Heap before GC invocations=44 (full 0):
 garbage-first heap   total 273408K, used 208896K [0x0000000080000000, 0x0000000100000000)
  region size 1024K, 24 young (24576K), 2 survivors (2048K)
 Metaspace       used 106507K, capacity 108839K, committed 109100K, reserved 1144832K
  class space    used 13724K, capacity 14618K, committed 14720K, reserved 1048576K
}
Event: 41.857 GC heap after
{Heap after GC invocations=45 (full 0):
 garbage-first heap   total 273408K, used 198656K [0x0000000080000000, 0x0000000100000000)
  region size 1024K, 3 young (3072K), 3 survivors (3072K)
 Metaspace       used 106507K, capacity 108839K, committed 109100K, reserved 1144832K
  class space    used 13724K, capacity 14618K, committed 14720K, reserved 1048576K
}
Event: 42.684 GC heap before
{Heap before GC invocations=46 (full 0):
 garbage-first heap   total 273408K, used 217088K [0x0000000080000000, 0x0000000100000000)
  region size 1024K, 21 young (21504K), 3 survivors (3072K)
 Metaspace       used 107947K, capacity 110306K, committed 110508K, reserved 1144832K
  class space    used 13918K, capacity 14825K, committed 14848K, reserved 1048576K
}
Event: 42.723 GC heap after
{Heap after GC invocations=47 (full 0):
 garbage-first heap   total 502784K, used 205787K [0x0000000080000000, 0x0000000100000000)
  region size 1024K, 3 young (3072K), 3 survivors (3072K)
 Metaspace       used 107947K, capacity 110306K, committed 110508K, reserved 1144832K
  class space    used 13918K, capacity 14825K, committed 14848K, reserved 1048576K
}
Event: 43.130 GC heap before
{Heap before GC invocations=47 (full 0):
 garbage-first heap   total 502784K, used 226267K [0x0000000080000000, 0x0000000100000000)
  region size 1024K, 24 young (24576K), 3 survivors (3072K)
 Metaspace       used 108748K, capacity 111142K, committed 111404K, reserved 1146880K
  class space    used 14017K, capacity 14928K, committed 14976K, reserved 1048576K
}
Event: 43.163 GC heap after
{Heap after GC invocations=48 (full 0):
 garbage-first heap   total 502784K, used 209920K [0x0000000080000000, 0x0000000100000000)
  region size 1024K, 3 young (3072K), 3 survivors (3072K)
 Metaspace       used 108748K, capacity 111142K, committed 111404K, reserved 1146880K
  class space    used 14017K, capacity 14928K, committed 14976K, reserved 1048576K
}
Event: 43.600 GC heap before
{Heap before GC invocations=48 (full 0):
 garbage-first heap   total 502784K, used 231424K [0x0000000080000000, 0x0000000100000000)
  region size 1024K, 24 young (24576K), 3 survivors (3072K)
 Metaspace       used 109334K, capacity 111885K, committed 112044K, reserved 1146880K
  class space    used 14114K, capacity 15090K, committed 15104K, reserved 1048576K
}
Event: 43.629 GC heap after
{Heap after GC invocations=49 (full 0):
 garbage-first heap   total 502784K, used 212433K [0x0000000080000000, 0x0000000100000000)
  region size 1024K, 2 young (2048K), 2 survivors (2048K)
 Metaspace       used 109334K, capacity 111885K, committed 112044K, reserved 1146880K
  class space    used 14114K, capacity 15090K, committed 15104K, reserved 1048576K
}
Event: 43.925 GC heap before
{Heap before GC invocations=49 (full 0):
 garbage-first heap   total 502784K, used 234961K [0x0000000080000000, 0x0000000100000000)
  region size 1024K, 24 young (24576K), 2 survivors (2048K)
 Metaspace       used 109647K, capacity 112216K, committed 112428K, reserved 1146880K
  class space    used 14158K, capacity 15134K, committed 15232K, reserved 1048576K
}
Event: 43.934 GC heap after
{Heap after GC invocations=50 (full 0):
 garbage-first heap   total 502784K, used 215040K [0x0000000080000000, 0x0000000100000000)
  region size 1024K, 3 young (3072K), 3 survivors (3072K)
 Metaspace       used 109647K, capacity 112216K, committed 112428K, reserved 1146880K
  class space    used 14158K, capacity 15134K, committed 15232K, reserved 1048576K
}
Event: 44.424 GC heap before
{Heap before GC invocations=50 (full 0):
 garbage-first heap   total 502784K, used 245760K [0x0000000080000000, 0x0000000100000000)
  region size 1024K, 31 young (31744K), 3 survivors (3072K)
 Metaspace       used 109934K, capacity 112484K, committed 112684K, reserved 1146880K
  class space    used 14181K, capacity 15174K, committed 15232K, reserved 1048576K
}
Event: 44.447 GC heap after
{Heap after GC invocations=51 (full 0):
 garbage-first heap   total 502784K, used 218735K [0x0000000080000000, 0x0000000100000000)
  region size 1024K, 2 young (2048K), 2 survivors (2048K)
 Metaspace       used 109934K, capacity 112484K, committed 112684K, reserved 1146880K
  class space    used 14181K, capacity 15174K, committed 15232K, reserved 1048576K
}
Event: 45.602 GC heap before
{Heap before GC invocations=51 (full 0):
 garbage-first heap   total 502784K, used 260719K [0x0000000080000000, 0x0000000100000000)
  region size 1024K, 35 young (35840K), 2 survivors (2048K)
 Metaspace       used 110195K, capacity 112809K, committed 112940K, reserved 1146880K
  class space    used 14207K, capacity 15193K, committed 15232K, reserved 1048576K
}

