# JRE version: OpenJDK Runtime Environment (11.0.12+7) (build 11.0.12+7-b1504.28-7817840)
# Java VM: OpenJDK 64-Bit Server VM (11.0.12+7-b1504.28-7817840, mixed mode, tiered, compressed oops, g1 gc, windows-amd64)
Heap:
 garbage-first heap   total 189440K, used 52061K [0x0000000080000000, 0x0000000100000000)
  region size 1024K, 13 young (13312K), 11 survivors (11264K)
 Metaspace       used 47711K, capacity 49023K, committed 49100K, reserved 1091584K
  class space    used 6112K, capacity 6557K, committed 6604K, reserved 1048576K
GC Heap History (18 events):
Event: 0.736 GC heap before
{Heap before GC invocations=0 (full 0):
 garbage-first heap   total 131072K, used 20480K [0x0000000080000000, 0x0000000100000000)
  region size 1024K, 14 young (14336K), 0 survivors (0K)
 Metaspace       used 6730K, capacity 6925K, committed 7168K, reserved 1056768K
  class space    used 582K, capacity 650K, committed 768K, reserved 1048576K
}
Event: 0.742 GC heap after
{Heap after GC invocations=1 (full 0):
 garbage-first heap   total 131072K, used 7560K [0x0000000080000000, 0x0000000100000000)
  region size 1024K, 2 young (2048K), 2 survivors (2048K)
 Metaspace       used 6730K, capacity 6925K, committed 7168K, reserved 1056768K
  class space    used 582K, capacity 650K, committed 768K, reserved 1048576K
}
Event: 1.112 GC heap before
{Heap before GC invocations=1 (full 0):
 garbage-first heap   total 131072K, used 18824K [0x0000000080000000, 0x0000000100000000)
  region size 1024K, 13 young (13312K), 2 survivors (2048K)
 Metaspace       used 10268K, capacity 10555K, committed 10624K, reserved 1058816K
  class space    used 1072K, capacity 1141K, committed 1152K, reserved 1048576K
}
Event: 1.118 GC heap after
{Heap after GC invocations=2 (full 0):
 garbage-first heap   total 131072K, used 9554K [0x0000000080000000, 0x0000000100000000)
  region size 1024K, 2 young (2048K), 2 survivors (2048K)
 Metaspace       used 10268K, capacity 10555K, committed 10624K, reserved 1058816K
  class space    used 1072K, capacity 1141K, committed 1152K, reserved 1048576K
}
Event: 1.725 GC heap before
{Heap before GC invocations=2 (full 0):
 garbage-first heap   total 131072K, used 37202K [0x0000000080000000, 0x0000000100000000)
  region size 1024K, 29 young (29696K), 2 survivors (2048K)
 Metaspace       used 11227K, capacity 11446K, committed 11520K, reserved 1058816K
  class space    used 1175K, capacity 1246K, committed 1280K, reserved 1048576K
}
Event: 1.730 GC heap after
{Heap after GC invocations=3 (full 0):
 garbage-first heap   total 131072K, used 11862K [0x0000000080000000, 0x0000000100000000)
  region size 1024K, 4 young (4096K), 4 survivors (4096K)
 Metaspace       used 11227K, capacity 11446K, committed 11520K, reserved 1058816K
  class space    used 1175K, capacity 1246K, committed 1280K, reserved 1048576K
}
Event: 3.684 GC heap before
{Heap before GC invocations=3 (full 0):
 garbage-first heap   total 131072K, used 52822K [0x0000000080000000, 0x0000000100000000)
  region size 1024K, 44 young (45056K), 4 survivors (4096K)
 Metaspace       used 17684K, capacity 18086K, committed 18432K, reserved 1064960K
  class space    used 2072K, capacity 2196K, committed 2304K, reserved 1048576K
}
Event: 3.695 GC heap after
{Heap after GC invocations=4 (full 0):
 garbage-first heap   total 131072K, used 16251K [0x0000000080000000, 0x0000000100000000)
  region size 1024K, 6 young (6144K), 6 survivors (6144K)
 Metaspace       used 17684K, capacity 18086K, committed 18432K, reserved 1064960K
  class space    used 2072K, capacity 2196K, committed 2304K, reserved 1048576K
}
Event: 4.075 GC heap before
{Heap before GC invocations=4 (full 0):
 garbage-first heap   total 131072K, used 46971K [0x0000000080000000, 0x0000000100000000)
  region size 1024K, 37 young (37888K), 6 survivors (6144K)
 Metaspace       used 20687K, capacity 21154K, committed 21248K, reserved 1067008K
  class space    used 2548K, capacity 2729K, committed 2816K, reserved 1048576K
}
Event: 4.090 GC heap after
{Heap after GC invocations=5 (full 0):
 garbage-first heap   total 157696K, used 17645K [0x0000000080000000, 0x0000000100000000)
  region size 1024K, 2 young (2048K), 2 survivors (2048K)
 Metaspace       used 20687K, capacity 21154K, committed 21248K, reserved 1067008K
  class space    used 2548K, capacity 2729K, committed 2816K, reserved 1048576K
}
Event: 5.065 GC heap before
{Heap before GC invocations=6 (full 0):
 garbage-first heap   total 157696K, used 73965K [0x0000000080000000, 0x0000000100000000)
  region size 1024K, 57 young (58368K), 2 survivors (2048K)
 Metaspace       used 26867K, capacity 27503K, committed 27648K, reserved 1073152K
  class space    used 3506K, capacity 3749K, committed 3840K, reserved 1048576K
}
Event: 5.074 GC heap after
{Heap after GC invocations=7 (full 0):
 garbage-first heap   total 157696K, used 19835K [0x0000000080000000, 0x0000000100000000)
  region size 1024K, 4 young (4096K), 4 survivors (4096K)
 Metaspace       used 26867K, capacity 27503K, committed 27648K, reserved 1073152K
  class space    used 3506K, capacity 3749K, committed 3840K, reserved 1048576K
}
Event: 6.775 GC heap before
{Heap before GC invocations=7 (full 0):
 garbage-first heap   total 157696K, used 105851K [0x0000000080000000, 0x0000000100000000)
  region size 1024K, 80 young (81920K), 4 survivors (4096K)
 Metaspace       used 34873K, capacity 35830K, committed 35840K, reserved 1081344K
  class space    used 4652K, capacity 4987K, committed 4992K, reserved 1048576K
}
Event: 6.801 GC heap after
{Heap after GC invocations=8 (full 0):
 garbage-first heap   total 157696K, used 35424K [0x0000000080000000, 0x0000000100000000)
  region size 1024K, 9 young (9216K), 9 survivors (9216K)
 Metaspace       used 34873K, capacity 35830K, committed 35840K, reserved 1081344K
  class space    used 4652K, capacity 4987K, committed 4992K, reserved 1048576K
}
Event: 8.182 GC heap before
{Heap before GC invocations=9 (full 0):
 garbage-first heap   total 157696K, used 112224K [0x0000000080000000, 0x0000000100000000)
  region size 1024K, 82 young (83968K), 9 survivors (9216K)
 Metaspace       used 43324K, capacity 44374K, committed 44620K, reserved 1087488K
  class space    used 5573K, capacity 5957K, committed 5964K, reserved 1048576K
}
Event: 8.203 GC heap after
{Heap after GC invocations=10 (full 0):
 garbage-first heap   total 157696K, used 41499K [0x0000000080000000, 0x0000000100000000)
  region size 1024K, 11 young (11264K), 11 survivors (11264K)
 Metaspace       used 43324K, capacity 44374K, committed 44620K, reserved 1087488K
  class space    used 5573K, capacity 5957K, committed 5964K, reserved 1048576K
}
Event: 9.465 GC heap before
{Heap before GC invocations=10 (full 0):
 garbage-first heap   total 157696K, used 118299K [0x0000000080000000, 0x0000000100000000)
  region size 1024K, 82 young (83968K), 11 survivors (11264K)
 Metaspace       used 47551K, capacity 48785K, committed 49100K, reserved 1091584K
  class space    used 6084K, capacity 6520K, committed 6604K, reserved 1048576K
}
Event: 9.490 GC heap after
{Heap after GC invocations=11 (full 0):
 garbage-first heap   total 189440K, used 51037K [0x0000000080000000, 0x0000000100000000)
  region size 1024K, 11 young (11264K), 11 survivors (11264K)
 Metaspace       used 47551K, capacity 48785K, committed 49100K, reserved 1091584K
  class space    used 6084K, capacity 6520K, committed 6604K, reserved 1048576K
}

