# JRE version: OpenJDK Runtime Environment (11.0.12+7) (build 11.0.12+7-b1504.28-7817840)
# Java VM: OpenJDK 64-Bit Server VM (11.0.12+7-b1504.28-7817840, mixed mode, tiered, compressed oops, g1 gc, windows-amd64)
Heap:
 garbage-first heap   total 273408K, used 135996K [0x0000000080000000, 0x0000000100000000)
  region size 1024K, 2 young (2048K), 2 survivors (2048K)
 Metaspace       used 130751K, capacity 134611K, committed 135336K, reserved 1167360K
  class space    used 16362K, capacity 17872K, committed 17996K, reserved 1048576K
GC Heap History (20 events):
Event: 5120.485 GC heap after
{Heap after GC invocations=67 (full 0):
 garbage-first heap   total 227328K, used 131818K [0x0000000080000000, 0x0000000100000000)
  region size 1024K, 7 young (7168K), 7 survivors (7168K)
 Metaspace       used 123492K, capacity 127210K, committed 128296K, reserved 1161216K
  class space    used 15675K, capacity 17091K, committed 17356K, reserved 1048576K
}
Event: 5120.805 GC heap before
{Heap before GC invocations=67 (full 0):
 garbage-first heap   total 227328K, used 135914K [0x0000000080000000, 0x0000000100000000)
  region size 1024K, 11 young (11264K), 7 survivors (7168K)
 Metaspace       used 123499K, capacity 127210K, committed 128296K, reserved 1161216K
  class space    used 15676K, capacity 17091K, committed 17356K, reserved 1048576K
}
Event: 5120.840 GC heap after
{Heap after GC invocations=68 (full 0):
 garbage-first heap   total 227328K, used 131983K [0x0000000080000000, 0x0000000100000000)
  region size 1024K, 2 young (2048K), 2 survivors (2048K)
 Metaspace       used 123499K, capacity 127210K, committed 128296K, reserved 1161216K
  class space    used 15676K, capacity 17091K, committed 17356K, reserved 1048576K
}
Event: 5122.529 GC heap before
{Heap before GC invocations=68 (full 0):
 garbage-first heap   total 227328K, used 172943K [0x0000000080000000, 0x0000000100000000)
  region size 1024K, 42 young (43008K), 2 survivors (2048K)
 Metaspace       used 126008K, capacity 129706K, committed 130856K, reserved 1163264K
  class space    used 15880K, capacity 17283K, committed 17612K, reserved 1048576K
}
Event: 5122.542 GC heap after
{Heap after GC invocations=69 (full 0):
 garbage-first heap   total 227328K, used 133590K [0x0000000080000000, 0x0000000100000000)
  region size 1024K, 3 young (3072K), 3 survivors (3072K)
 Metaspace       used 126008K, capacity 129706K, committed 130856K, reserved 1163264K
  class space    used 15880K, capacity 17283K, committed 17612K, reserved 1048576K
}
Event: 5126.459 GC heap before
{Heap before GC invocations=70 (full 0):
 garbage-first heap   total 227328K, used 162262K [0x0000000080000000, 0x0000000100000000)
  region size 1024K, 45 young (46080K), 3 survivors (3072K)
 Metaspace       used 126654K, capacity 130349K, committed 131368K, reserved 1163264K
  class space    used 15925K, capacity 17348K, committed 17612K, reserved 1048576K
}
Event: 5126.473 GC heap after
{Heap after GC invocations=71 (full 0):
 garbage-first heap   total 227328K, used 119892K [0x0000000080000000, 0x0000000100000000)
  region size 1024K, 3 young (3072K), 3 survivors (3072K)
 Metaspace       used 126654K, capacity 130349K, committed 131368K, reserved 1163264K
  class space    used 15925K, capacity 17348K, committed 17612K, reserved 1048576K
}
Event: 5126.863 GC heap before
{Heap before GC invocations=71 (full 0):
 garbage-first heap   total 227328K, used 127060K [0x0000000080000000, 0x0000000100000000)
  region size 1024K, 11 young (11264K), 3 survivors (3072K)
 Metaspace       used 127081K, capacity 130710K, committed 131624K, reserved 1163264K
  class space    used 15968K, capacity 17382K, committed 17612K, reserved 1048576K
}
Event: 5126.882 GC heap after
{Heap after GC invocations=72 (full 0):
 garbage-first heap   total 227328K, used 103590K [0x0000000080000000, 0x0000000100000000)
  region size 1024K, 1 young (1024K), 1 survivors (1024K)
 Metaspace       used 127081K, capacity 130710K, committed 131624K, reserved 1163264K
  class space    used 15968K, capacity 17382K, committed 17612K, reserved 1048576K
}
Event: 5131.688 GC heap before
{Heap before GC invocations=72 (full 0):
 garbage-first heap   total 227328K, used 167078K [0x0000000080000000, 0x0000000100000000)
  region size 1024K, 64 young (65536K), 1 survivors (1024K)
 Metaspace       used 129925K, capacity 133688K, committed 134568K, reserved 1165312K
  class space    used 16287K, capacity 17755K, committed 17996K, reserved 1048576K
}
Event: 5131.720 GC heap after
{Heap after GC invocations=73 (full 0):
 garbage-first heap   total 227328K, used 107682K [0x0000000080000000, 0x0000000100000000)
  region size 1024K, 5 young (5120K), 5 survivors (5120K)
 Metaspace       used 129925K, capacity 133688K, committed 134568K, reserved 1165312K
  class space    used 16287K, capacity 17755K, committed 17996K, reserved 1048576K
}
Event: 5135.726 GC heap before
{Heap before GC invocations=74 (full 0):
 garbage-first heap   total 227328K, used 174242K [0x0000000080000000, 0x0000000100000000)
  region size 1024K, 68 young (69632K), 5 survivors (5120K)
 Metaspace       used 130079K, capacity 133847K, committed 134568K, reserved 1165312K
  class space    used 16303K, capacity 17764K, committed 17996K, reserved 1048576K
}
Event: 5135.790 GC heap after
{Heap after GC invocations=75 (full 0):
 garbage-first heap   total 227328K, used 119914K [0x0000000080000000, 0x0000000100000000)
  region size 1024K, 9 young (9216K), 9 survivors (9216K)
 Metaspace       used 130079K, capacity 133847K, committed 134568K, reserved 1165312K
  class space    used 16303K, capacity 17764K, committed 17996K, reserved 1048576K
}
Event: 5135.814 GC heap before
{Heap before GC invocations=75 (full 0):
 garbage-first heap   total 227328K, used 121962K [0x0000000080000000, 0x0000000100000000)
  region size 1024K, 11 young (11264K), 9 survivors (9216K)
 Metaspace       used 130079K, capacity 133847K, committed 134568K, reserved 1165312K
  class space    used 16303K, capacity 17764K, committed 17996K, reserved 1048576K
}
Event: 5135.859 GC heap after
{Heap after GC invocations=76 (full 0):
 garbage-first heap   total 227328K, used 110188K [0x0000000080000000, 0x0000000100000000)
  region size 1024K, 1 young (1024K), 1 survivors (1024K)
 Metaspace       used 130079K, capacity 133847K, committed 134568K, reserved 1165312K
  class space    used 16303K, capacity 17764K, committed 17996K, reserved 1048576K
}
Event: 5136.982 GC heap before
{Heap before GC invocations=76 (full 0):
 garbage-first heap   total 227328K, used 171628K [0x0000000080000000, 0x0000000100000000)
  region size 1024K, 62 young (63488K), 1 survivors (1024K)
 Metaspace       used 130346K, capacity 134166K, committed 134824K, reserved 1167360K
  class space    used 16318K, capacity 17803K, committed 17996K, reserved 1048576K
}
Event: 5137.025 GC heap after
{Heap after GC invocations=77 (full 0):
 garbage-first heap   total 227328K, used 124589K [0x0000000080000000, 0x0000000100000000)
  region size 1024K, 8 young (8192K), 8 survivors (8192K)
 Metaspace       used 130346K, capacity 134166K, committed 134824K, reserved 1167360K
  class space    used 16318K, capacity 17803K, committed 17996K, reserved 1048576K
}
Event: 5138.477 GC heap before
{Heap before GC invocations=78 (full 0):
 garbage-first heap   total 227328K, used 175789K [0x0000000080000000, 0x0000000100000000)
  region size 1024K, 59 young (60416K), 8 survivors (8192K)
 Metaspace       used 130751K, capacity 134611K, committed 135336K, reserved 1167360K
  class space    used 16362K, capacity 17872K, committed 17996K, reserved 1048576K
}
Event: 5138.538 GC heap after
{Heap after GC invocations=79 (full 0):
 garbage-first heap   total 227328K, used 135168K [0x0000000080000000, 0x0000000100000000)
  region size 1024K, 8 young (8192K), 8 survivors (8192K)
 Metaspace       used 130751K, capacity 134611K, committed 135336K, reserved 1167360K
  class space    used 16362K, capacity 17872K, committed 17996K, reserved 1048576K
}
Event: 5138.550 GC heap before
{Heap before GC invocations=79 (full 0):
 garbage-first heap   total 227328K, used 138240K [0x0000000080000000, 0x0000000100000000)
  region size 1024K, 11 young (11264K), 8 survivors (8192K)
 Metaspace       used 130751K, capacity 134611K, committed 135336K, reserved 1167360K
  class space    used 16362K, capacity 17872K, committed 17996K, reserved 1048576K
}

