# JRE version: OpenJDK Runtime Environment (11.0.12+7) (build 11.0.12+7-b1504.28-7817840)
# Java VM: OpenJDK 64-Bit Server VM (11.0.12+7-b1504.28-7817840, mixed mode, tiered, compressed oops, g1 gc, windows-amd64)
Heap:
 garbage-first heap   total 189440K, used 122122K [0x0000000081400000, 0x0000000100000000)
  region size 1024K, 64 young (65536K), 5 survivors (5120K)
 Metaspace       used 82649K, capacity 83483K, committed 83584K, reserved 1124352K
  class space    used 8952K, capacity 9272K, committed 9344K, reserved 1048576K
GC Heap History (20 events):
Event: 0.641 GC heap before
{Heap before GC invocations=0 (full 0):
 garbage-first heap   total 131072K, used 17408K [0x0000000081400000, 0x0000000100000000)
  region size 1024K, 14 young (14336K), 0 survivors (0K)
 Metaspace       used 9832K, capacity 10002K, committed 10112K, reserved 1058816K
  class space    used 839K, capacity 885K, committed 896K, reserved 1048576K
}
Event: 0.645 GC heap after
{Heap after GC invocations=1 (full 0):
 garbage-first heap   total 131072K, used 5208K [0x0000000081400000, 0x0000000100000000)
  region size 1024K, 2 young (2048K), 2 survivors (2048K)
 Metaspace       used 9832K, capacity 10002K, committed 10112K, reserved 1058816K
  class space    used 839K, capacity 885K, committed 896K, reserved 1048576K
}
Event: 2.081 GC heap before
{Heap before GC invocations=1 (full 0):
 garbage-first heap   total 131072K, used 49240K [0x0000000081400000, 0x0000000100000000)
  region size 1024K, 46 young (47104K), 2 survivors (2048K)
 Metaspace       used 20776K, capacity 20990K, committed 21248K, reserved 1069056K
  class space    used 2197K, capacity 2280K, committed 2304K, reserved 1048576K
}
Event: 2.098 GC heap after
{Heap after GC invocations=2 (full 0):
 garbage-first heap   total 131072K, used 9107K [0x0000000081400000, 0x0000000100000000)
  region size 1024K, 6 young (6144K), 6 survivors (6144K)
 Metaspace       used 20776K, capacity 20990K, committed 21248K, reserved 1069056K
  class space    used 2197K, capacity 2280K, committed 2304K, reserved 1048576K
}
Event: 3.663 GC heap before
{Heap before GC invocations=3 (full 0):
 garbage-first heap   total 131072K, used 61331K [0x0000000081400000, 0x0000000100000000)
  region size 1024K, 52 young (53248K), 6 survivors (6144K)
 Metaspace       used 31815K, capacity 32248K, committed 32384K, reserved 1077248K
  class space    used 3976K, capacity 4151K, committed 4224K, reserved 1048576K
}
Event: 3.692 GC heap after
{Heap after GC invocations=4 (full 0):
 garbage-first heap   total 131072K, used 20680K [0x0000000081400000, 0x0000000100000000)
  region size 1024K, 7 young (7168K), 7 survivors (7168K)
 Metaspace       used 31815K, capacity 32248K, committed 32384K, reserved 1077248K
  class space    used 3976K, capacity 4151K, committed 4224K, reserved 1048576K
}
Event: 4.173 GC heap before
{Heap before GC invocations=4 (full 0):
 garbage-first heap   total 131072K, used 35016K [0x0000000081400000, 0x0000000100000000)
  region size 1024K, 22 young (22528K), 7 survivors (7168K)
 Metaspace       used 34951K, capacity 35368K, committed 35584K, reserved 1081344K
  class space    used 4300K, capacity 4507K, committed 4608K, reserved 1048576K
}
Event: 4.190 GC heap after
{Heap after GC invocations=5 (full 0):
 garbage-first heap   total 131072K, used 20153K [0x0000000081400000, 0x0000000100000000)
  region size 1024K, 2 young (2048K), 2 survivors (2048K)
 Metaspace       used 34951K, capacity 35368K, committed 35584K, reserved 1081344K
  class space    used 4300K, capacity 4507K, committed 4608K, reserved 1048576K
}
Event: 5.700 GC heap before
{Heap before GC invocations=6 (full 0):
 garbage-first heap   total 131072K, used 77497K [0x0000000081400000, 0x0000000100000000)
  region size 1024K, 56 young (57344K), 2 survivors (2048K)
 Metaspace       used 46522K, capacity 47003K, committed 47232K, reserved 1091584K
  class space    used 5503K, capacity 5713K, committed 5760K, reserved 1048576K
}
Event: 5.726 GC heap after
{Heap after GC invocations=7 (full 0):
 garbage-first heap   total 157696K, used 27135K [0x0000000081400000, 0x0000000100000000)
  region size 1024K, 7 young (7168K), 7 survivors (7168K)
 Metaspace       used 46522K, capacity 47003K, committed 47232K, reserved 1091584K
  class space    used 5503K, capacity 5713K, committed 5760K, reserved 1048576K
}
Event: 8.032 GC heap before
{Heap before GC invocations=8 (full 0):
 garbage-first heap   total 157696K, used 93695K [0x0000000081400000, 0x0000000100000000)
  region size 1024K, 71 young (72704K), 7 survivors (7168K)
 Metaspace       used 54842K, capacity 55501K, committed 55680K, reserved 1097728K
  class space    used 6412K, capacity 6701K, committed 6784K, reserved 1048576K
}
Event: 8.061 GC heap after
{Heap after GC invocations=9 (full 0):
 garbage-first heap   total 157696K, used 34007K [0x0000000081400000, 0x0000000100000000)
  region size 1024K, 7 young (7168K), 7 survivors (7168K)
 Metaspace       used 54842K, capacity 55501K, committed 55680K, reserved 1097728K
  class space    used 6412K, capacity 6701K, committed 6784K, reserved 1048576K
}
Event: 11.214 GC heap before
{Heap before GC invocations=9 (full 0):
 garbage-first heap   total 157696K, used 102615K [0x0000000081400000, 0x0000000100000000)
  region size 1024K, 74 young (75776K), 7 survivors (7168K)
 Metaspace       used 57019K, capacity 57707K, committed 57856K, reserved 1099776K
  class space    used 6580K, capacity 6883K, committed 6912K, reserved 1048576K
}
Event: 11.253 GC heap after
{Heap after GC invocations=10 (full 0):
 garbage-first heap   total 157696K, used 43008K [0x0000000081400000, 0x0000000100000000)
  region size 1024K, 9 young (9216K), 9 survivors (9216K)
 Metaspace       used 57019K, capacity 57707K, committed 57856K, reserved 1099776K
  class space    used 6580K, capacity 6883K, committed 6912K, reserved 1048576K
}
Event: 15.610 GC heap before
{Heap before GC invocations=10 (full 0):
 garbage-first heap   total 157696K, used 110592K [0x0000000081400000, 0x0000000100000000)
  region size 1024K, 75 young (76800K), 9 survivors (9216K)
 Metaspace       used 65538K, capacity 66344K, committed 66432K, reserved 1107968K
  class space    used 7398K, capacity 7720K, committed 7808K, reserved 1048576K
}
Event: 15.656 GC heap after
{Heap after GC invocations=11 (full 0):
 garbage-first heap   total 157696K, used 51712K [0x0000000081400000, 0x0000000100000000)
  region size 1024K, 9 young (9216K), 9 survivors (9216K)
 Metaspace       used 65538K, capacity 66344K, committed 66432K, reserved 1107968K
  class space    used 7398K, capacity 7720K, committed 7808K, reserved 1048576K
}
Event: 19.008 GC heap before
{Heap before GC invocations=11 (full 0):
 garbage-first heap   total 157696K, used 116224K [0x0000000081400000, 0x0000000100000000)
  region size 1024K, 72 young (73728K), 9 survivors (9216K)
 Metaspace       used 73073K, capacity 73814K, committed 73984K, reserved 1114112K
  class space    used 8093K, capacity 8396K, committed 8448K, reserved 1048576K
}
Event: 19.045 GC heap after
{Heap after GC invocations=12 (full 0):
 garbage-first heap   total 189440K, used 57344K [0x0000000081400000, 0x0000000100000000)
  region size 1024K, 6 young (6144K), 6 survivors (6144K)
 Metaspace       used 73073K, capacity 73814K, committed 73984K, reserved 1114112K
  class space    used 8093K, capacity 8396K, committed 8448K, reserved 1048576K
}
Event: 20.491 GC heap before
{Heap before GC invocations=12 (full 0):
 garbage-first heap   total 189440K, used 107520K [0x0000000081400000, 0x0000000100000000)
  region size 1024K, 56 young (57344K), 6 survivors (6144K)
 Metaspace       used 77813K, capacity 78634K, committed 78720K, reserved 1120256K
  class space    used 8590K, capacity 8915K, committed 8960K, reserved 1048576K
}
Event: 20.558 GC heap after
{Heap after GC invocations=13 (full 0):
 garbage-first heap   total 189440K, used 62730K [0x0000000081400000, 0x0000000100000000)
  region size 1024K, 5 young (5120K), 5 survivors (5120K)
 Metaspace       used 77813K, capacity 78634K, committed 78720K, reserved 1120256K
  class space    used 8590K, capacity 8915K, committed 8960K, reserved 1048576K
}

