# JRE version: OpenJDK Runtime Environment (11.0.12+7) (build 11.0.12+7-b1504.28-7817840)
# Java VM: OpenJDK 64-Bit Server VM (11.0.12+7-b1504.28-7817840, mixed mode, tiered, compressed oops, g1 gc, windows-amd64)
Heap:
 garbage-first heap   total 167936K, used 26624K [0x0000000081400000, 0x0000000100000000)
  region size 1024K, 7 young (7168K), 7 survivors (7168K)
 Metaspace       used 46446K, capacity 46919K, committed 46976K, reserved 1091584K
  class space    used 5489K, capacity 5710K, committed 5760K, reserved 1048576K
GC Heap History (9 events):
Event: 0.893 GC heap before
{Heap before GC invocations=0 (full 0):
 garbage-first heap   total 131072K, used 17408K [0x0000000081400000, 0x0000000100000000)
  region size 1024K, 14 young (14336K), 0 survivors (0K)
 Metaspace       used 9866K, capacity 10002K, committed 10112K, reserved 1058816K
  class space    used 835K, capacity 885K, committed 896K, reserved 1048576K
}
Event: 0.910 GC heap after
{Heap after GC invocations=1 (full 0):
 garbage-first heap   total 131072K, used 5390K [0x0000000081400000, 0x0000000100000000)
  region size 1024K, 2 young (2048K), 2 survivors (2048K)
 Metaspace       used 9866K, capacity 10002K, committed 10112K, reserved 1058816K
  class space    used 835K, capacity 885K, committed 896K, reserved 1048576K
}
Event: 2.557 GC heap before
{Heap before GC invocations=1 (full 0):
 garbage-first heap   total 131072K, used 52494K [0x0000000081400000, 0x0000000100000000)
  region size 1024K, 49 young (50176K), 2 survivors (2048K)
 Metaspace       used 20995K, capacity 21192K, committed 21248K, reserved 1069056K
  class space    used 2223K, capacity 2304K, committed 2304K, reserved 1048576K
}
Event: 2.592 GC heap after
{Heap after GC invocations=2 (full 0):
 garbage-first heap   total 131072K, used 9955K [0x0000000081400000, 0x0000000100000000)
  region size 1024K, 7 young (7168K), 7 survivors (7168K)
 Metaspace       used 20995K, capacity 21192K, committed 21248K, reserved 1069056K
  class space    used 2223K, capacity 2304K, committed 2304K, reserved 1048576K
}
Event: 6.836 GC heap before
{Heap before GC invocations=3 (full 0):
 garbage-first heap   total 131072K, used 59107K [0x0000000081400000, 0x0000000100000000)
  region size 1024K, 50 young (51200K), 7 survivors (7168K)
 Metaspace       used 30965K, capacity 31361K, committed 31616K, reserved 1077248K
  class space    used 3666K, capacity 3858K, committed 3968K, reserved 1048576K
}
Event: 6.873 GC heap after
{Heap after GC invocations=4 (full 0):
 garbage-first heap   total 131072K, used 20547K [0x0000000081400000, 0x0000000100000000)
  region size 1024K, 6 young (6144K), 6 survivors (6144K)
 Metaspace       used 30965K, capacity 31361K, committed 31616K, reserved 1077248K
  class space    used 3666K, capacity 3858K, committed 3968K, reserved 1048576K
}
Event: 8.185 GC heap before
{Heap before GC invocations=4 (full 0):
 garbage-first heap   total 131072K, used 40003K [0x0000000081400000, 0x0000000100000000)
  region size 1024K, 26 young (26624K), 6 survivors (6144K)
 Metaspace       used 35237K, capacity 35597K, committed 35840K, reserved 1081344K
  class space    used 4329K, capacity 4500K, committed 4608K, reserved 1048576K
}
Event: 8.223 GC heap after
{Heap after GC invocations=5 (full 0):
 garbage-first heap   total 131072K, used 23513K [0x0000000081400000, 0x0000000100000000)
  region size 1024K, 3 young (3072K), 3 survivors (3072K)
 Metaspace       used 35237K, capacity 35597K, committed 35840K, reserved 1081344K
  class space    used 4329K, capacity 4500K, committed 4608K, reserved 1048576K
}
Event: 10.983 GC heap before
{Heap before GC invocations=6 (full 0):
 garbage-first heap   total 131072K, used 77785K [0x0000000081400000, 0x0000000100000000)
  region size 1024K, 56 young (57344K), 3 survivors (3072K)
 Metaspace       used 46446K, capacity 46919K, committed 46976K, reserved 1091584K
  class space    used 5489K, capacity 5710K, committed 5760K, reserved 1048576K
}

