# JRE version: OpenJDK Runtime Environment (11.0.12+7) (build 11.0.12+7-b1504.28-7817840)
# Java VM: OpenJDK 64-Bit Server VM (11.0.12+7-b1504.28-7817840, mixed mode, tiered, compressed oops, g1 gc, windows-amd64)
Heap:
 garbage-first heap   total 158720K, used 26282K [0x0000000081400000, 0x0000000100000000)
  region size 1024K, 5 young (5120K), 5 survivors (5120K)
 Metaspace       used 45612K, capacity 46102K, committed 46416K, reserved 1089536K
  class space    used 5397K, capacity 5606K, committed 5756K, reserved 1048576K
GC Heap History (9 events):
Event: 0.620 GC heap before
{Heap before GC invocations=0 (full 0):
 garbage-first heap   total 131072K, used 17408K [0x0000000081400000, 0x0000000100000000)
  region size 1024K, 14 young (14336K), 0 survivors (0K)
 Metaspace       used 9846K, capacity 9938K, committed 10112K, reserved 1058816K
  class space    used 835K, capacity 885K, committed 896K, reserved 1048576K
}
Event: 0.624 GC heap after
{Heap after GC invocations=1 (full 0):
 garbage-first heap   total 131072K, used 5441K [0x0000000081400000, 0x0000000100000000)
  region size 1024K, 2 young (2048K), 2 survivors (2048K)
 Metaspace       used 9846K, capacity 9938K, committed 10112K, reserved 1058816K
  class space    used 835K, capacity 885K, committed 896K, reserved 1048576K
}
Event: 1.914 GC heap before
{Heap before GC invocations=1 (full 0):
 garbage-first heap   total 131072K, used 52545K [0x0000000081400000, 0x0000000100000000)
  region size 1024K, 49 young (50176K), 2 survivors (2048K)
 Metaspace       used 20970K, capacity 21192K, committed 21248K, reserved 1069056K
  class space    used 2223K, capacity 2304K, committed 2304K, reserved 1048576K
}
Event: 1.932 GC heap after
{Heap after GC invocations=2 (full 0):
 garbage-first heap   total 131072K, used 9955K [0x0000000081400000, 0x0000000100000000)
  region size 1024K, 7 young (7168K), 7 survivors (7168K)
 Metaspace       used 20970K, capacity 21192K, committed 21248K, reserved 1069056K
  class space    used 2223K, capacity 2304K, committed 2304K, reserved 1048576K
}
Event: 3.233 GC heap before
{Heap before GC invocations=3 (full 0):
 garbage-first heap   total 131072K, used 48867K [0x0000000081400000, 0x0000000100000000)
  region size 1024K, 42 young (43008K), 7 survivors (7168K)
 Metaspace       used 30813K, capacity 31233K, committed 31612K, reserved 1077248K
  class space    used 3664K, capacity 3858K, committed 3964K, reserved 1048576K
}
Event: 3.255 GC heap after
{Heap after GC invocations=4 (full 0):
 garbage-first heap   total 131072K, used 16571K [0x0000000081400000, 0x0000000100000000)
  region size 1024K, 4 young (4096K), 4 survivors (4096K)
 Metaspace       used 30813K, capacity 31233K, committed 31612K, reserved 1077248K
  class space    used 3664K, capacity 3858K, committed 3964K, reserved 1048576K
}
Event: 4.354 GC heap before
{Heap before GC invocations=4 (full 0):
 garbage-first heap   total 131072K, used 49339K [0x0000000081400000, 0x0000000100000000)
  region size 1024K, 35 young (35840K), 4 survivors (4096K)
 Metaspace       used 35468K, capacity 35821K, committed 36048K, reserved 1081344K
  class space    used 4364K, capacity 4532K, committed 4604K, reserved 1048576K
}
Event: 4.387 GC heap after
{Heap after GC invocations=5 (full 0):
 garbage-first heap   total 131072K, used 23552K [0x0000000081400000, 0x0000000100000000)
  region size 1024K, 7 young (7168K), 7 survivors (7168K)
 Metaspace       used 35468K, capacity 35821K, committed 36048K, reserved 1081344K
  class space    used 4364K, capacity 4532K, committed 4604K, reserved 1048576K
}
Event: 6.387 GC heap before
{Heap before GC invocations=6 (full 0):
 garbage-first heap   total 131072K, used 72704K [0x0000000081400000, 0x0000000100000000)
  region size 1024K, 55 young (56320K), 7 survivors (7168K)
 Metaspace       used 45612K, capacity 46102K, committed 46416K, reserved 1089536K
  class space    used 5397K, capacity 5606K, committed 5756K, reserved 1048576K
}

