# JRE version: OpenJDK Runtime Environment (11.0.12+7) (build 11.0.12+7-b1504.28-7817840)
# Java VM: OpenJDK 64-Bit Server VM (11.0.12+7-b1504.28-7817840, mixed mode, tiered, compressed oops, g1 gc, windows-amd64)
Heap:
 garbage-first heap   total 189440K, used 51758K [0x0000000081400000, 0x0000000100000000)
  region size 1024K, 6 young (6144K), 6 survivors (6144K)
 Metaspace       used 59782K, capacity 60431K, committed 60508K, reserved 1103872K
  class space    used 6824K, capacity 7099K, committed 7164K, reserved 1048576K
GC Heap History (17 events):
Event: 0.776 GC heap before
{Heap before GC invocations=0 (full 0):
 garbage-first heap   total 131072K, used 17408K [0x0000000081400000, 0x0000000100000000)
  region size 1024K, 14 young (14336K), 0 survivors (0K)
 Metaspace       used 9728K, capacity 9842K, committed 10112K, reserved 1058816K
  class space    used 823K, capacity 853K, committed 896K, reserved 1048576K
}
Event: 0.781 GC heap after
{Heap after GC invocations=1 (full 0):
 garbage-first heap   total 131072K, used 5247K [0x0000000081400000, 0x0000000100000000)
  region size 1024K, 2 young (2048K), 2 survivors (2048K)
 Metaspace       used 9728K, capacity 9842K, committed 10112K, reserved 1058816K
  class space    used 823K, capacity 853K, committed 896K, reserved 1048576K
}
Event: 2.111 GC heap before
{Heap before GC invocations=1 (full 0):
 garbage-first heap   total 131072K, used 52351K [0x0000000081400000, 0x0000000100000000)
  region size 1024K, 49 young (50176K), 2 survivors (2048K)
 Metaspace       used 20980K, capacity 21192K, committed 21248K, reserved 1069056K
  class space    used 2223K, capacity 2304K, committed 2304K, reserved 1048576K
}
Event: 2.125 GC heap after
{Heap after GC invocations=2 (full 0):
 garbage-first heap   total 131072K, used 9925K [0x0000000081400000, 0x0000000100000000)
  region size 1024K, 7 young (7168K), 7 survivors (7168K)
 Metaspace       used 20980K, capacity 21192K, committed 21248K, reserved 1069056K
  class space    used 2223K, capacity 2304K, committed 2304K, reserved 1048576K
}
Event: 3.511 GC heap before
{Heap before GC invocations=3 (full 0):
 garbage-first heap   total 131072K, used 63173K [0x0000000081400000, 0x0000000100000000)
  region size 1024K, 54 young (55296K), 7 survivors (7168K)
 Metaspace       used 31008K, capacity 31428K, committed 31868K, reserved 1077248K
  class space    used 3665K, capacity 3858K, committed 3964K, reserved 1048576K
}
Event: 3.543 GC heap after
{Heap after GC invocations=4 (full 0):
 garbage-first heap   total 131072K, used 22148K [0x0000000081400000, 0x0000000100000000)
  region size 1024K, 7 young (7168K), 7 survivors (7168K)
 Metaspace       used 31008K, capacity 31428K, committed 31868K, reserved 1077248K
  class space    used 3665K, capacity 3858K, committed 3964K, reserved 1048576K
}
Event: 4.076 GC heap before
{Heap before GC invocations=4 (full 0):
 garbage-first heap   total 131072K, used 39556K [0x0000000081400000, 0x0000000100000000)
  region size 1024K, 25 young (25600K), 7 survivors (7168K)
 Metaspace       used 35435K, capacity 35821K, committed 36048K, reserved 1081344K
  class space    used 4363K, capacity 4532K, committed 4604K, reserved 1048576K
}
Event: 4.101 GC heap after
{Heap after GC invocations=5 (full 0):
 garbage-first heap   total 131072K, used 23436K [0x0000000081400000, 0x0000000100000000)
  region size 1024K, 2 young (2048K), 2 survivors (2048K)
 Metaspace       used 35435K, capacity 35821K, committed 36048K, reserved 1081344K
  class space    used 4363K, capacity 4532K, committed 4604K, reserved 1048576K
}
Event: 5.907 GC heap before
{Heap before GC invocations=6 (full 0):
 garbage-first heap   total 131072K, used 73612K [0x0000000081400000, 0x0000000100000000)
  region size 1024K, 51 young (52224K), 2 survivors (2048K)
 Metaspace       used 45701K, capacity 46166K, committed 46416K, reserved 1089536K
  class space    used 5407K, capacity 5606K, committed 5756K, reserved 1048576K
}
Event: 5.924 GC heap after
{Heap after GC invocations=7 (full 0):
 garbage-first heap   total 157696K, used 26007K [0x0000000081400000, 0x0000000100000000)
  region size 1024K, 7 young (7168K), 7 survivors (7168K)
 Metaspace       used 45701K, capacity 46166K, committed 46416K, reserved 1089536K
  class space    used 5407K, capacity 5606K, committed 5756K, reserved 1048576K
}
Event: 7.751 GC heap before
{Heap before GC invocations=7 (full 0):
 garbage-first heap   total 157696K, used 88471K [0x0000000081400000, 0x0000000100000000)
  region size 1024K, 65 young (66560K), 7 survivors (7168K)
 Metaspace       used 53717K, capacity 54348K, committed 54480K, reserved 1097728K
  class space    used 6300K, capacity 6575K, committed 6652K, reserved 1048576K
}
Event: 7.777 GC heap after
{Heap after GC invocations=8 (full 0):
 garbage-first heap   total 157696K, used 34077K [0x0000000081400000, 0x0000000100000000)
  region size 1024K, 6 young (6144K), 6 survivors (6144K)
 Metaspace       used 53717K, capacity 54348K, committed 54480K, reserved 1097728K
  class space    used 6300K, capacity 6575K, committed 6652K, reserved 1048576K
}
Event: 10.416 GC heap before
{Heap before GC invocations=8 (full 0):
 garbage-first heap   total 157696K, used 99613K [0x0000000081400000, 0x0000000100000000)
  region size 1024K, 70 young (71680K), 6 survivors (6144K)
 Metaspace       used 57963K, capacity 58636K, committed 58960K, reserved 1101824K
  class space    used 6611K, capacity 6884K, committed 7036K, reserved 1048576K
}
Event: 10.459 GC heap after
{Heap after GC invocations=9 (full 0):
 garbage-first heap   total 157696K, used 45720K [0x0000000081400000, 0x0000000100000000)
  region size 1024K, 9 young (9216K), 9 survivors (9216K)
 Metaspace       used 57963K, capacity 58636K, committed 58960K, reserved 1101824K
  class space    used 6611K, capacity 6884K, committed 7036K, reserved 1048576K
}
Event: 10.938 GC heap before
{Heap before GC invocations=9 (full 0):
 garbage-first heap   total 157696K, used 107160K [0x0000000081400000, 0x0000000100000000)
  region size 1024K, 69 young (70656K), 9 survivors (9216K)
 Metaspace       used 58224K, capacity 58904K, committed 59216K, reserved 1101824K
  class space    used 6627K, capacity 6888K, committed 7036K, reserved 1048576K
}
Event: 10.979 GC heap after
{Heap after GC invocations=10 (full 0):
 garbage-first heap   total 157696K, used 50606K [0x0000000081400000, 0x0000000100000000)
  region size 1024K, 5 young (5120K), 5 survivors (5120K)
 Metaspace       used 58224K, capacity 58904K, committed 59216K, reserved 1101824K
  class space    used 6627K, capacity 6888K, committed 7036K, reserved 1048576K
}
Event: 11.576 GC heap before
{Heap before GC invocations=10 (full 0):
 garbage-first heap   total 157696K, used 93614K [0x0000000081400000, 0x0000000100000000)
  region size 1024K, 48 young (49152K), 5 survivors (5120K)
 Metaspace       used 59782K, capacity 60431K, committed 60508K, reserved 1103872K
  class space    used 6824K, capacity 7099K, committed 7164K, reserved 1048576K
}

