# JRE version: OpenJDK Runtime Environment (11.0.12+7) (build 11.0.12+7-b1504.28-7817840)
# Java VM: OpenJDK 64-Bit Server VM (11.0.12+7-b1504.28-7817840, mixed mode, tiered, compressed oops, g1 gc, windows-amd64)
Heap:
 garbage-first heap   total 157696K, used 43007K [0x0000000080000000, 0x0000000100000000)
  region size 1024K, 27 young (27648K), 3 survivors (3072K)
 Metaspace       used 28632K, capacity 29322K, committed 29440K, reserved 1077248K
  class space    used 3792K, capacity 4027K, committed 4096K, reserved 1048576K
GC Heap History (12 events):
Event: 0.674 GC heap before
{Heap before GC invocations=0 (full 0):
 garbage-first heap   total 131072K, used 20480K [0x0000000080000000, 0x0000000100000000)
  region size 1024K, 14 young (14336K), 0 survivors (0K)
 Metaspace       used 6735K, capacity 6925K, committed 7168K, reserved 1056768K
  class space    used 582K, capacity 650K, committed 768K, reserved 1048576K
}
Event: 0.680 GC heap after
{Heap after GC invocations=1 (full 0):
 garbage-first heap   total 131072K, used 7648K [0x0000000080000000, 0x0000000100000000)
  region size 1024K, 2 young (2048K), 2 survivors (2048K)
 Metaspace       used 6735K, capacity 6925K, committed 7168K, reserved 1056768K
  class space    used 582K, capacity 650K, committed 768K, reserved 1048576K
}
Event: 1.222 GC heap before
{Heap before GC invocations=1 (full 0):
 garbage-first heap   total 131072K, used 19936K [0x0000000080000000, 0x0000000100000000)
  region size 1024K, 14 young (14336K), 2 survivors (2048K)
 Metaspace       used 10270K, capacity 10555K, committed 10624K, reserved 1058816K
  class space    used 1073K, capacity 1141K, committed 1152K, reserved 1048576K
}
Event: 1.227 GC heap after
{Heap after GC invocations=2 (full 0):
 garbage-first heap   total 131072K, used 9638K [0x0000000080000000, 0x0000000100000000)
  region size 1024K, 2 young (2048K), 2 survivors (2048K)
 Metaspace       used 10270K, capacity 10555K, committed 10624K, reserved 1058816K
  class space    used 1073K, capacity 1141K, committed 1152K, reserved 1048576K
}
Event: 1.902 GC heap before
{Heap before GC invocations=2 (full 0):
 garbage-first heap   total 131072K, used 38310K [0x0000000080000000, 0x0000000100000000)
  region size 1024K, 30 young (30720K), 2 survivors (2048K)
 Metaspace       used 11229K, capacity 11446K, committed 11520K, reserved 1058816K
  class space    used 1176K, capacity 1246K, committed 1280K, reserved 1048576K
}
Event: 1.908 GC heap after
{Heap after GC invocations=3 (full 0):
 garbage-first heap   total 131072K, used 12859K [0x0000000080000000, 0x0000000100000000)
  region size 1024K, 4 young (4096K), 4 survivors (4096K)
 Metaspace       used 11229K, capacity 11446K, committed 11520K, reserved 1058816K
  class space    used 1176K, capacity 1246K, committed 1280K, reserved 1048576K
}
Event: 4.403 GC heap before
{Heap before GC invocations=3 (full 0):
 garbage-first heap   total 131072K, used 54843K [0x0000000080000000, 0x0000000100000000)
  region size 1024K, 45 young (46080K), 4 survivors (4096K)
 Metaspace       used 17615K, capacity 18037K, committed 18176K, reserved 1069056K
  class space    used 2086K, capacity 2211K, committed 2304K, reserved 1048576K
}
Event: 4.417 GC heap after
{Heap after GC invocations=4 (full 0):
 garbage-first heap   total 131072K, used 16317K [0x0000000080000000, 0x0000000100000000)
  region size 1024K, 6 young (6144K), 6 survivors (6144K)
 Metaspace       used 17615K, capacity 18037K, committed 18176K, reserved 1069056K
  class space    used 2086K, capacity 2211K, committed 2304K, reserved 1048576K
}
Event: 5.012 GC heap before
{Heap before GC invocations=4 (full 0):
 garbage-first heap   total 131072K, used 44989K [0x0000000080000000, 0x0000000100000000)
  region size 1024K, 35 young (35840K), 6 survivors (6144K)
 Metaspace       used 20666K, capacity 21137K, committed 21248K, reserved 1071104K
  class space    used 2546K, capacity 2712K, committed 2816K, reserved 1048576K
}
Event: 5.024 GC heap after
{Heap after GC invocations=5 (full 0):
 garbage-first heap   total 157696K, used 17710K [0x0000000080000000, 0x0000000100000000)
  region size 1024K, 2 young (2048K), 2 survivors (2048K)
 Metaspace       used 20666K, capacity 21137K, committed 21248K, reserved 1071104K
  class space    used 2546K, capacity 2712K, committed 2816K, reserved 1048576K
}
Event: 6.211 GC heap before
{Heap before GC invocations=6 (full 0):
 garbage-first heap   total 157696K, used 73006K [0x0000000080000000, 0x0000000100000000)
  region size 1024K, 56 young (57344K), 2 survivors (2048K)
 Metaspace       used 26655K, capacity 27334K, committed 27520K, reserved 1077248K
  class space    used 3479K, capacity 3703K, committed 3712K, reserved 1048576K
}
Event: 6.218 GC heap after
{Heap after GC invocations=7 (full 0):
 garbage-first heap   total 157696K, used 19455K [0x0000000080000000, 0x0000000100000000)
  region size 1024K, 3 young (3072K), 3 survivors (3072K)
 Metaspace       used 26655K, capacity 27334K, committed 27520K, reserved 1077248K
  class space    used 3479K, capacity 3703K, committed 3712K, reserved 1048576K
}

