# JRE version: OpenJDK Runtime Environment (11.0.12+7) (build 11.0.12+7-b1504.28-7817840)
# Java VM: OpenJDK 64-Bit Server VM (11.0.12+7-b1504.28-7817840, mixed mode, tiered, compressed oops, g1 gc, windows-amd64)
Heap:
 garbage-first heap   total 157696K, used 81397K [0x0000000081400000, 0x0000000100000000)
  region size 1024K, 58 young (59392K), 8 survivors (8192K)
 Metaspace       used 56182K, capacity 56860K, committed 56960K, reserved 1099776K
  class space    used 6440K, capacity 6716K, committed 6784K, reserved 1048576K
GC Heap History (12 events):
Event: 0.764 GC heap before
{Heap before GC invocations=0 (full 0):
 garbage-first heap   total 131072K, used 17408K [0x0000000081400000, 0x0000000100000000)
  region size 1024K, 14 young (14336K), 0 survivors (0K)
 Metaspace       used 9808K, capacity 9938K, committed 10112K, reserved 1058816K
  class space    used 837K, capacity 885K, committed 896K, reserved 1048576K
}
Event: 0.769 GC heap after
{Heap after GC invocations=1 (full 0):
 garbage-first heap   total 131072K, used 5455K [0x0000000081400000, 0x0000000100000000)
  region size 1024K, 2 young (2048K), 2 survivors (2048K)
 Metaspace       used 9808K, capacity 9938K, committed 10112K, reserved 1058816K
  class space    used 837K, capacity 885K, committed 896K, reserved 1048576K
}
Event: 2.909 GC heap before
{Heap before GC invocations=1 (full 0):
 garbage-first heap   total 131072K, used 50511K [0x0000000081400000, 0x0000000100000000)
  region size 1024K, 47 young (48128K), 2 survivors (2048K)
 Metaspace       used 20759K, capacity 20990K, committed 21248K, reserved 1069056K
  class space    used 2199K, capacity 2280K, committed 2304K, reserved 1048576K
}
Event: 2.931 GC heap after
{Heap after GC invocations=2 (full 0):
 garbage-first heap   total 131072K, used 9066K [0x0000000081400000, 0x0000000100000000)
  region size 1024K, 6 young (6144K), 6 survivors (6144K)
 Metaspace       used 20759K, capacity 20990K, committed 21248K, reserved 1069056K
  class space    used 2199K, capacity 2280K, committed 2304K, reserved 1048576K
}
Event: 4.926 GC heap before
{Heap before GC invocations=3 (full 0):
 garbage-first heap   total 131072K, used 57194K [0x0000000081400000, 0x0000000100000000)
  region size 1024K, 48 young (49152K), 6 survivors (6144K)
 Metaspace       used 30363K, capacity 30800K, committed 30976K, reserved 1077248K
  class space    used 3606K, capacity 3796K, committed 3840K, reserved 1048576K
}
Event: 4.951 GC heap after
{Heap after GC invocations=4 (full 0):
 garbage-first heap   total 131072K, used 20322K [0x0000000081400000, 0x0000000100000000)
  region size 1024K, 6 young (6144K), 6 survivors (6144K)
 Metaspace       used 30363K, capacity 30800K, committed 30976K, reserved 1077248K
  class space    used 3606K, capacity 3796K, committed 3840K, reserved 1048576K
}
Event: 5.844 GC heap before
{Heap before GC invocations=4 (full 0):
 garbage-first heap   total 131072K, used 39778K [0x0000000081400000, 0x0000000100000000)
  region size 1024K, 26 young (26624K), 6 survivors (6144K)
 Metaspace       used 35009K, capacity 35434K, committed 35584K, reserved 1081344K
  class space    used 4304K, capacity 4507K, committed 4608K, reserved 1048576K
}
Event: 5.857 GC heap after
{Heap after GC invocations=5 (full 0):
 garbage-first heap   total 131072K, used 20159K [0x0000000081400000, 0x0000000100000000)
  region size 1024K, 2 young (2048K), 2 survivors (2048K)
 Metaspace       used 35009K, capacity 35434K, committed 35584K, reserved 1081344K
  class space    used 4304K, capacity 4507K, committed 4608K, reserved 1048576K
}
Event: 8.258 GC heap before
{Heap before GC invocations=6 (full 0):
 garbage-first heap   total 131072K, used 66239K [0x0000000081400000, 0x0000000100000000)
  region size 1024K, 47 young (48128K), 2 survivors (2048K)
 Metaspace       used 44707K, capacity 45220K, committed 45440K, reserved 1089536K
  class space    used 5287K, capacity 5480K, committed 5504K, reserved 1048576K
}
Event: 8.281 GC heap after
{Heap after GC invocations=7 (full 0):
 garbage-first heap   total 157696K, used 24068K [0x0000000081400000, 0x0000000100000000)
  region size 1024K, 6 young (6144K), 6 survivors (6144K)
 Metaspace       used 44707K, capacity 45220K, committed 45440K, reserved 1089536K
  class space    used 5287K, capacity 5480K, committed 5504K, reserved 1048576K
}
Event: 10.488 GC heap before
{Heap before GC invocations=8 (full 0):
 garbage-first heap   total 157696K, used 83460K [0x0000000081400000, 0x0000000100000000)
  region size 1024K, 61 young (62464K), 6 survivors (6144K)
 Metaspace       used 51705K, capacity 52316K, committed 52480K, reserved 1095680K
  class space    used 6095K, capacity 6337K, committed 6400K, reserved 1048576K
}
Event: 10.514 GC heap after
{Heap after GC invocations=9 (full 0):
 garbage-first heap   total 157696K, used 31221K [0x0000000081400000, 0x0000000100000000)
  region size 1024K, 8 young (8192K), 8 survivors (8192K)
 Metaspace       used 51705K, capacity 52316K, committed 52480K, reserved 1095680K
  class space    used 6095K, capacity 6337K, committed 6400K, reserved 1048576K
}

