# JRE version: OpenJDK Runtime Environment (11.0.12+7) (build 11.0.12+7-b1504.28-7817840)
# Java VM: OpenJDK 64-Bit Server VM (11.0.12+7-b1504.28-7817840, mixed mode, tiered, compressed oops, g1 gc, windows-amd64)
Heap:
 garbage-first heap   total 172032K, used 81456K [0x0000000081400000, 0x0000000100000000)
  region size 1024K, 53 young (54272K), 7 survivors (7168K)
 Metaspace       used 57819K, capacity 58445K, committed 58704K, reserved 1101824K
  class space    used 6607K, capacity 6884K, committed 7036K, reserved 1048576K
GC Heap History (12 events):
Event: 0.665 GC heap before
{Heap before GC invocations=0 (full 0):
 garbage-first heap   total 131072K, used 17408K [0x0000000081400000, 0x0000000100000000)
  region size 1024K, 14 young (14336K), 0 survivors (0K)
 Metaspace       used 9852K, capacity 9938K, committed 10112K, reserved 1058816K
  class space    used 835K, capacity 885K, committed 896K, reserved 1048576K
}
Event: 0.669 GC heap after
{Heap after GC invocations=1 (full 0):
 garbage-first heap   total 131072K, used 5253K [0x0000000081400000, 0x0000000100000000)
  region size 1024K, 2 young (2048K), 2 survivors (2048K)
 Metaspace       used 9852K, capacity 9938K, committed 10112K, reserved 1058816K
  class space    used 835K, capacity 885K, committed 896K, reserved 1048576K
}
Event: 1.887 GC heap before
{Heap before GC invocations=1 (full 0):
 garbage-first heap   total 131072K, used 52357K [0x0000000081400000, 0x0000000100000000)
  region size 1024K, 49 young (50176K), 2 survivors (2048K)
 Metaspace       used 20976K, capacity 21192K, committed 21248K, reserved 1069056K
  class space    used 2225K, capacity 2304K, committed 2304K, reserved 1048576K
}
Event: 1.910 GC heap after
{Heap after GC invocations=2 (full 0):
 garbage-first heap   total 131072K, used 9789K [0x0000000081400000, 0x0000000100000000)
  region size 1024K, 7 young (7168K), 7 survivors (7168K)
 Metaspace       used 20976K, capacity 21192K, committed 21248K, reserved 1069056K
  class space    used 2225K, capacity 2304K, committed 2304K, reserved 1048576K
}
Event: 3.456 GC heap before
{Heap before GC invocations=3 (full 0):
 garbage-first heap   total 131072K, used 62013K [0x0000000081400000, 0x0000000100000000)
  region size 1024K, 53 young (54272K), 7 survivors (7168K)
 Metaspace       used 30979K, capacity 31364K, committed 31612K, reserved 1077248K
  class space    used 3664K, capacity 3858K, committed 3964K, reserved 1048576K
}
Event: 3.486 GC heap after
{Heap after GC invocations=4 (full 0):
 garbage-first heap   total 131072K, used 22046K [0x0000000081400000, 0x0000000100000000)
  region size 1024K, 7 young (7168K), 7 survivors (7168K)
 Metaspace       used 30979K, capacity 31364K, committed 31612K, reserved 1077248K
  class space    used 3664K, capacity 3858K, committed 3964K, reserved 1048576K
}
Event: 4.189 GC heap before
{Heap before GC invocations=4 (full 0):
 garbage-first heap   total 131072K, used 39454K [0x0000000081400000, 0x0000000100000000)
  region size 1024K, 25 young (25600K), 7 survivors (7168K)
 Metaspace       used 35421K, capacity 35821K, committed 36048K, reserved 1081344K
  class space    used 4362K, capacity 4532K, committed 4604K, reserved 1048576K
}
Event: 4.232 GC heap after
{Heap after GC invocations=5 (full 0):
 garbage-first heap   total 131072K, used 23552K [0x0000000081400000, 0x0000000100000000)
  region size 1024K, 2 young (2048K), 2 survivors (2048K)
 Metaspace       used 35421K, capacity 35821K, committed 36048K, reserved 1081344K
  class space    used 4362K, capacity 4532K, committed 4604K, reserved 1048576K
}
Event: 5.895 GC heap before
{Heap before GC invocations=6 (full 0):
 garbage-first heap   total 131072K, used 76800K [0x0000000081400000, 0x0000000100000000)
  region size 1024K, 54 young (55296K), 2 survivors (2048K)
 Metaspace       used 46337K, capacity 46855K, committed 46928K, reserved 1091584K
  class space    used 5487K, capacity 5710K, committed 5756K, reserved 1048576K
}
Event: 5.913 GC heap after
{Heap after GC invocations=7 (full 0):
 garbage-first heap   total 172032K, used 26504K [0x0000000081400000, 0x0000000100000000)
  region size 1024K, 7 young (7168K), 7 survivors (7168K)
 Metaspace       used 46337K, capacity 46855K, committed 46928K, reserved 1091584K
  class space    used 5487K, capacity 5710K, committed 5756K, reserved 1048576K
}
Event: 7.849 GC heap before
{Heap before GC invocations=7 (full 0):
 garbage-first heap   total 172032K, used 94088K [0x0000000081400000, 0x0000000100000000)
  region size 1024K, 70 young (71680K), 7 survivors (7168K)
 Metaspace       used 55007K, capacity 55618K, committed 55888K, reserved 1097728K
  class space    used 6423K, capacity 6676K, committed 6780K, reserved 1048576K
}
Event: 7.876 GC heap after
{Heap after GC invocations=8 (full 0):
 garbage-first heap   total 172032K, used 35376K [0x0000000081400000, 0x0000000100000000)
  region size 1024K, 7 young (7168K), 7 survivors (7168K)
 Metaspace       used 55007K, capacity 55618K, committed 55888K, reserved 1097728K
  class space    used 6423K, capacity 6676K, committed 6780K, reserved 1048576K
}

