# JRE version: OpenJDK Runtime Environment (11.0.12+7) (build 11.0.12+7-b1504.28-7817840)
# Java VM: OpenJDK 64-Bit Server VM (11.0.12+7-b1504.28-7817840, mixed mode, tiered, compressed oops, g1 gc, windows-amd64)
Heap:
 garbage-first heap   total 273408K, used 159232K [0x0000000080000000, 0x0000000100000000)
  region size 1024K, 48 young (49152K), 5 survivors (5120K)
 Metaspace       used 90177K, capacity 92439K, committed 92672K, reserved 1130496K
  class space    used 11670K, capacity 12534K, committed 12544K, reserved 1048576K
GC Heap History (20 events):
Event: 13.109 GC heap before
{Heap before GC invocations=11 (full 0):
 garbage-first heap   total 189440K, used 141850K [0x0000000080000000, 0x0000000100000000)
  region size 1024K, 111 young (113664K), 10 survivors (10240K)
 Metaspace       used 57644K, capacity 59057K, committed 59392K, reserved 1101824K
  class space    used 7316K, capacity 7829K, committed 7936K, reserved 1048576K
}
Event: 13.143 GC heap after
{Heap after GC invocations=12 (full 0):
 garbage-first heap   total 189440K, used 51394K [0x0000000080000000, 0x0000000100000000)
  region size 1024K, 14 young (14336K), 14 survivors (14336K)
 Metaspace       used 57644K, capacity 59057K, committed 59392K, reserved 1101824K
  class space    used 7316K, capacity 7829K, committed 7936K, reserved 1048576K
}
Event: 13.278 GC heap before
{Heap before GC invocations=12 (full 0):
 garbage-first heap   total 189440K, used 58562K [0x0000000080000000, 0x0000000100000000)
  region size 1024K, 22 young (22528K), 14 survivors (14336K)
 Metaspace       used 58382K, capacity 59809K, committed 59948K, reserved 1101824K
  class space    used 7442K, capacity 7975K, committed 8064K, reserved 1048576K
}
Event: 13.305 GC heap after
{Heap after GC invocations=13 (full 0):
 garbage-first heap   total 189440K, used 54272K [0x0000000080000000, 0x0000000100000000)
  region size 1024K, 2 young (2048K), 2 survivors (2048K)
 Metaspace       used 58382K, capacity 59809K, committed 59948K, reserved 1101824K
  class space    used 7442K, capacity 7975K, committed 8064K, reserved 1048576K
}
Event: 14.495 GC heap before
{Heap before GC invocations=14 (full 0):
 garbage-first heap   total 189440K, used 109568K [0x0000000080000000, 0x0000000100000000)
  region size 1024K, 57 young (58368K), 2 survivors (2048K)
 Metaspace       used 64226K, capacity 65746K, committed 65920K, reserved 1105920K
  class space    used 8143K, capacity 8712K, committed 8832K, reserved 1048576K
}
Event: 14.507 GC heap after
{Heap after GC invocations=15 (full 0):
 garbage-first heap   total 189440K, used 57344K [0x0000000080000000, 0x0000000100000000)
  region size 1024K, 5 young (5120K), 5 survivors (5120K)
 Metaspace       used 64226K, capacity 65746K, committed 65920K, reserved 1105920K
  class space    used 8143K, capacity 8712K, committed 8832K, reserved 1048576K
}
Event: 15.658 GC heap before
{Heap before GC invocations=16 (full 0):
 garbage-first heap   total 189440K, used 118784K [0x0000000080000000, 0x0000000100000000)
  region size 1024K, 64 young (65536K), 5 survivors (5120K)
 Metaspace       used 68001K, capacity 69526K, committed 69760K, reserved 1110016K
  class space    used 8659K, capacity 9233K, committed 9344K, reserved 1048576K
}
Event: 15.684 GC heap after
{Heap after GC invocations=17 (full 0):
 garbage-first heap   total 189440K, used 61599K [0x0000000080000000, 0x0000000100000000)
  region size 1024K, 5 young (5120K), 5 survivors (5120K)
 Metaspace       used 68001K, capacity 69526K, committed 69760K, reserved 1110016K
  class space    used 8659K, capacity 9233K, committed 9344K, reserved 1048576K
}
Event: 17.090 GC heap before
{Heap before GC invocations=17 (full 0):
 garbage-first heap   total 189440K, used 123039K [0x0000000080000000, 0x0000000100000000)
  region size 1024K, 65 young (66560K), 5 survivors (5120K)
 Metaspace       used 72663K, capacity 74257K, committed 74368K, reserved 1114112K
  class space    used 9438K, capacity 10021K, committed 10112K, reserved 1048576K
}
Event: 17.108 GC heap after
{Heap after GC invocations=18 (full 0):
 garbage-first heap   total 227328K, used 65252K [0x0000000080000000, 0x0000000100000000)
  region size 1024K, 8 young (8192K), 8 survivors (8192K)
 Metaspace       used 72663K, capacity 74257K, committed 74368K, reserved 1114112K
  class space    used 9438K, capacity 10021K, committed 10112K, reserved 1048576K
}
Event: 18.283 GC heap before
{Heap before GC invocations=18 (full 0):
 garbage-first heap   total 227328K, used 146148K [0x0000000080000000, 0x0000000100000000)
  region size 1024K, 87 young (89088K), 8 survivors (8192K)
 Metaspace       used 76791K, capacity 78507K, committed 78592K, reserved 1118208K
  class space    used 10008K, capacity 10690K, committed 10752K, reserved 1048576K
}
Event: 18.306 GC heap after
{Heap after GC invocations=19 (full 0):
 garbage-first heap   total 227328K, used 70998K [0x0000000080000000, 0x0000000100000000)
  region size 1024K, 10 young (10240K), 10 survivors (10240K)
 Metaspace       used 76791K, capacity 78507K, committed 78592K, reserved 1118208K
  class space    used 10008K, capacity 10690K, committed 10752K, reserved 1048576K
}
Event: 20.023 GC heap before
{Heap before GC invocations=19 (full 0):
 garbage-first heap   total 227328K, used 152918K [0x0000000080000000, 0x0000000100000000)
  region size 1024K, 90 young (92160K), 10 survivors (10240K)
 Metaspace       used 84349K, capacity 86305K, committed 86656K, reserved 1124352K
  class space    used 11058K, capacity 11783K, committed 11904K, reserved 1048576K
}
Event: 20.051 GC heap after
{Heap after GC invocations=20 (full 0):
 garbage-first heap   total 227328K, used 76389K [0x0000000080000000, 0x0000000100000000)
  region size 1024K, 11 young (11264K), 11 survivors (11264K)
 Metaspace       used 84349K, capacity 86305K, committed 86656K, reserved 1124352K
  class space    used 11058K, capacity 11783K, committed 11904K, reserved 1048576K
}
Event: 23.001 GC heap before
{Heap before GC invocations=20 (full 0):
 garbage-first heap   total 227328K, used 158309K [0x0000000080000000, 0x0000000100000000)
  region size 1024K, 92 young (94208K), 11 survivors (11264K)
 Metaspace       used 86457K, capacity 88556K, committed 88704K, reserved 1126400K
  class space    used 11305K, capacity 12144K, committed 12160K, reserved 1048576K
}
Event: 23.032 GC heap after
{Heap after GC invocations=21 (full 0):
 garbage-first heap   total 227328K, used 83311K [0x0000000080000000, 0x0000000100000000)
  region size 1024K, 12 young (12288K), 12 survivors (12288K)
 Metaspace       used 86457K, capacity 88556K, committed 88704K, reserved 1126400K
  class space    used 11305K, capacity 12144K, committed 12160K, reserved 1048576K
}
Event: 24.573 GC heap before
{Heap before GC invocations=21 (full 0):
 garbage-first heap   total 227328K, used 168303K [0x0000000080000000, 0x0000000100000000)
  region size 1024K, 93 young (95232K), 12 survivors (12288K)
 Metaspace       used 89383K, capacity 91622K, committed 91904K, reserved 1128448K
  class space    used 11594K, capacity 12434K, committed 12544K, reserved 1048576K
}
Event: 24.627 GC heap after
{Heap after GC invocations=22 (full 0):
 garbage-first heap   total 227328K, used 107232K [0x0000000080000000, 0x0000000100000000)
  region size 1024K, 12 young (12288K), 12 survivors (12288K)
 Metaspace       used 89383K, capacity 91622K, committed 91904K, reserved 1128448K
  class space    used 11594K, capacity 12434K, committed 12544K, reserved 1048576K
}
Event: 25.468 GC heap before
{Heap before GC invocations=22 (full 0):
 garbage-first heap   total 227328K, used 140000K [0x0000000080000000, 0x0000000100000000)
  region size 1024K, 39 young (39936K), 12 survivors (12288K)
 Metaspace       used 90076K, capacity 92330K, committed 92416K, reserved 1128448K
  class space    used 11660K, capacity 12500K, committed 12544K, reserved 1048576K
}
Event: 25.524 GC heap after
{Heap after GC invocations=23 (full 0):
 garbage-first heap   total 273408K, used 114176K [0x0000000080000000, 0x0000000100000000)
  region size 1024K, 5 young (5120K), 5 survivors (5120K)
 Metaspace       used 90076K, capacity 92330K, committed 92416K, reserved 1128448K
  class space    used 11660K, capacity 12500K, committed 12544K, reserved 1048576K
}

