# JRE version: OpenJDK Runtime Environment (11.0.12+7) (build 11.0.12+7-b1504.28-7817840)
# Java VM: OpenJDK 64-Bit Server VM (11.0.12+7-b1504.28-7817840, mixed mode, tiered, compressed oops, g1 gc, windows-amd64)
Heap:
 garbage-first heap   total 189440K, used 95232K [0x0000000081400000, 0x0000000100000000)
  region size 1024K, 43 young (44032K), 6 survivors (6144K)
 Metaspace       used 77791K, capacity 78632K, committed 78848K, reserved 1120256K
  class space    used 8595K, capacity 8915K, committed 8960K, reserved 1048576K
GC Heap History (18 events):
Event: 0.642 GC heap before
{Heap before GC invocations=0 (full 0):
 garbage-first heap   total 131072K, used 17408K [0x0000000081400000, 0x0000000100000000)
  region size 1024K, 14 young (14336K), 0 survivors (0K)
 Metaspace       used 9816K, capacity 9874K, committed 10112K, reserved 1058816K
  class space    used 839K, capacity 885K, committed 896K, reserved 1048576K
}
Event: 0.647 GC heap after
{Heap after GC invocations=1 (full 0):
 garbage-first heap   total 131072K, used 5201K [0x0000000081400000, 0x0000000100000000)
  region size 1024K, 2 young (2048K), 2 survivors (2048K)
 Metaspace       used 9816K, capacity 9874K, committed 10112K, reserved 1058816K
  class space    used 839K, capacity 885K, committed 896K, reserved 1048576K
}
Event: 2.515 GC heap before
{Heap before GC invocations=1 (full 0):
 garbage-first heap   total 131072K, used 49233K [0x0000000081400000, 0x0000000100000000)
  region size 1024K, 46 young (47104K), 2 survivors (2048K)
 Metaspace       used 20802K, capacity 20990K, committed 21248K, reserved 1069056K
  class space    used 2199K, capacity 2280K, committed 2304K, reserved 1048576K
}
Event: 2.535 GC heap after
{Heap after GC invocations=2 (full 0):
 garbage-first heap   total 131072K, used 9057K [0x0000000081400000, 0x0000000100000000)
  region size 1024K, 6 young (6144K), 6 survivors (6144K)
 Metaspace       used 20802K, capacity 20990K, committed 21248K, reserved 1069056K
  class space    used 2199K, capacity 2280K, committed 2304K, reserved 1048576K
}
Event: 4.580 GC heap before
{Heap before GC invocations=3 (full 0):
 garbage-first heap   total 131072K, used 61281K [0x0000000081400000, 0x0000000100000000)
  region size 1024K, 52 young (53248K), 6 survivors (6144K)
 Metaspace       used 31856K, capacity 32280K, committed 32384K, reserved 1077248K
  class space    used 3979K, capacity 4183K, committed 4224K, reserved 1048576K
}
Event: 4.609 GC heap after
{Heap after GC invocations=4 (full 0):
 garbage-first heap   total 131072K, used 20525K [0x0000000081400000, 0x0000000100000000)
  region size 1024K, 7 young (7168K), 7 survivors (7168K)
 Metaspace       used 31856K, capacity 32280K, committed 32384K, reserved 1077248K
  class space    used 3979K, capacity 4183K, committed 4224K, reserved 1048576K
}
Event: 5.181 GC heap before
{Heap before GC invocations=4 (full 0):
 garbage-first heap   total 131072K, used 34861K [0x0000000081400000, 0x0000000100000000)
  region size 1024K, 22 young (22528K), 7 survivors (7168K)
 Metaspace       used 34981K, capacity 35465K, committed 35628K, reserved 1081344K
  class space    used 4299K, capacity 4475K, committed 4480K, reserved 1048576K
}
Event: 5.202 GC heap after
{Heap after GC invocations=5 (full 0):
 garbage-first heap   total 131072K, used 20074K [0x0000000081400000, 0x0000000100000000)
  region size 1024K, 2 young (2048K), 2 survivors (2048K)
 Metaspace       used 34981K, capacity 35465K, committed 35628K, reserved 1081344K
  class space    used 4299K, capacity 4475K, committed 4480K, reserved 1048576K
}
Event: 9.071 GC heap before
{Heap before GC invocations=6 (full 0):
 garbage-first heap   total 131072K, used 79466K [0x0000000081400000, 0x0000000100000000)
  region size 1024K, 58 young (59392K), 2 survivors (2048K)
 Metaspace       used 46680K, capacity 47194K, committed 47488K, reserved 1091584K
  class space    used 5505K, capacity 5713K, committed 5760K, reserved 1048576K
}
Event: 9.103 GC heap after
{Heap after GC invocations=7 (full 0):
 garbage-first heap   total 157696K, used 28014K [0x0000000081400000, 0x0000000100000000)
  region size 1024K, 8 young (8192K), 8 survivors (8192K)
 Metaspace       used 46680K, capacity 47194K, committed 47488K, reserved 1091584K
  class space    used 5505K, capacity 5713K, committed 5760K, reserved 1048576K
}
Event: 11.122 GC heap before
{Heap before GC invocations=8 (full 0):
 garbage-first heap   total 157696K, used 96622K [0x0000000081400000, 0x0000000100000000)
  region size 1024K, 74 young (75776K), 8 survivors (8192K)
 Metaspace       used 55020K, capacity 55693K, committed 55936K, reserved 1097728K
  class space    used 6422K, capacity 6703K, committed 6784K, reserved 1048576K
}
Event: 11.154 GC heap after
{Heap after GC invocations=9 (full 0):
 garbage-first heap   total 157696K, used 34816K [0x0000000081400000, 0x0000000100000000)
  region size 1024K, 7 young (7168K), 7 survivors (7168K)
 Metaspace       used 55020K, capacity 55693K, committed 55936K, reserved 1097728K
  class space    used 6422K, capacity 6703K, committed 6784K, reserved 1048576K
}
Event: 13.772 GC heap before
{Heap before GC invocations=9 (full 0):
 garbage-first heap   total 157696K, used 111616K [0x0000000081400000, 0x0000000100000000)
  region size 1024K, 82 young (83968K), 7 survivors (7168K)
 Metaspace       used 58873K, capacity 59605K, committed 59904K, reserved 1101824K
  class space    used 6771K, capacity 7059K, committed 7168K, reserved 1048576K
}
Event: 13.814 GC heap after
{Heap after GC invocations=10 (full 0):
 garbage-first heap   total 157696K, used 44467K [0x0000000081400000, 0x0000000100000000)
  region size 1024K, 10 young (10240K), 10 survivors (10240K)
 Metaspace       used 58873K, capacity 59605K, committed 59904K, reserved 1101824K
  class space    used 6771K, capacity 7059K, committed 7168K, reserved 1048576K
}
Event: 19.019 GC heap before
{Heap before GC invocations=10 (full 0):
 garbage-first heap   total 157696K, used 114099K [0x0000000081400000, 0x0000000100000000)
  region size 1024K, 78 young (79872K), 10 survivors (10240K)
 Metaspace       used 68739K, capacity 69556K, committed 69760K, reserved 1112064K
  class space    used 7713K, capacity 8044K, committed 8064K, reserved 1048576K
}
Event: 19.066 GC heap after
{Heap after GC invocations=11 (full 0):
 garbage-first heap   total 157696K, used 52644K [0x0000000081400000, 0x0000000100000000)
  region size 1024K, 8 young (8192K), 8 survivors (8192K)
 Metaspace       used 68739K, capacity 69556K, committed 69760K, reserved 1112064K
  class space    used 7713K, capacity 8044K, committed 8064K, reserved 1048576K
}
Event: 21.543 GC heap before
{Heap before GC invocations=11 (full 0):
 garbage-first heap   total 157696K, used 117156K [0x0000000081400000, 0x0000000100000000)
  region size 1024K, 71 young (72704K), 8 survivors (8192K)
 Metaspace       used 76345K, capacity 77149K, committed 77440K, reserved 1118208K
  class space    used 8475K, capacity 8783K, committed 8832K, reserved 1048576K
}
Event: 21.581 GC heap after
{Heap after GC invocations=12 (full 0):
 garbage-first heap   total 189440K, used 58368K [0x0000000081400000, 0x0000000100000000)
  region size 1024K, 6 young (6144K), 6 survivors (6144K)
 Metaspace       used 76345K, capacity 77149K, committed 77440K, reserved 1118208K
  class space    used 8475K, capacity 8783K, committed 8832K, reserved 1048576K
}

