# JRE version: OpenJDK Runtime Environment (11.0.12+7) (build 11.0.12+7-b1504.28-7817840)
# Java VM: OpenJDK 64-Bit Server VM (11.0.12+7-b1504.28-7817840, mixed mode, tiered, compressed oops, g1 gc, windows-amd64)
Heap:
 garbage-first heap   total 457728K, used 262639K [0x0000000080000000, 0x0000000100000000)
  region size 1024K, 25 young (25600K), 7 survivors (7168K)
 Metaspace       used 105135K, capacity 107755K, committed 107904K, reserved 1142784K
  class space    used 13679K, capacity 14658K, committed 14720K, reserved 1048576K
GC Heap History (20 events):
Event: 26.854 GC heap before
{Heap before GC invocations=28 (full 0):
 garbage-first heap   total 273408K, used 213504K [0x0000000080000000, 0x0000000100000000)
  region size 1024K, 42 young (43008K), 8 survivors (8192K)
 Metaspace       used 95795K, capacity 98115K, committed 98176K, reserved 1134592K
  class space    used 12570K, capacity 13416K, committed 13440K, reserved 1048576K
}
Event: 26.903 GC heap after
{Heap after GC invocations=29 (full 0):
 garbage-first heap   total 273408K, used 192512K [0x0000000080000000, 0x0000000100000000)
  region size 1024K, 6 young (6144K), 6 survivors (6144K)
 Metaspace       used 95795K, capacity 98115K, committed 98176K, reserved 1134592K
  class space    used 12570K, capacity 13416K, committed 13440K, reserved 1048576K
}
Event: 27.397 GC heap before
{Heap before GC invocations=30 (full 0):
 garbage-first heap   total 273408K, used 220160K [0x0000000080000000, 0x0000000100000000)
  region size 1024K, 33 young (33792K), 6 survivors (6144K)
 Metaspace       used 96773K, capacity 99147K, committed 99456K, reserved 1134592K
  class space    used 12717K, capacity 13612K, committed 13696K, reserved 1048576K
}
Event: 27.429 GC heap after
{Heap after GC invocations=31 (full 0):
 garbage-first heap   total 273408K, used 197632K [0x0000000080000000, 0x0000000100000000)
  region size 1024K, 4 young (4096K), 4 survivors (4096K)
 Metaspace       used 96773K, capacity 99147K, committed 99456K, reserved 1134592K
  class space    used 12717K, capacity 13612K, committed 13696K, reserved 1048576K
}
Event: 27.718 GC heap before
{Heap before GC invocations=31 (full 0):
 garbage-first heap   total 273408K, used 223232K [0x0000000080000000, 0x0000000100000000)
  region size 1024K, 30 young (30720K), 4 survivors (4096K)
 Metaspace       used 97549K, capacity 100023K, committed 100096K, reserved 1136640K
  class space    used 12821K, capacity 13751K, committed 13824K, reserved 1048576K
}
Event: 27.744 GC heap after
{Heap after GC invocations=32 (full 0):
 garbage-first heap   total 389120K, used 200328K [0x0000000080000000, 0x0000000100000000)
  region size 1024K, 3 young (3072K), 3 survivors (3072K)
 Metaspace       used 97549K, capacity 100023K, committed 100096K, reserved 1136640K
  class space    used 12821K, capacity 13751K, committed 13824K, reserved 1048576K
}
Event: 29.051 GC heap before
{Heap before GC invocations=33 (full 0):
 garbage-first heap   total 389120K, used 258696K [0x0000000080000000, 0x0000000100000000)
  region size 1024K, 69 young (70656K), 3 survivors (3072K)
 Metaspace       used 98516K, capacity 100963K, committed 101248K, reserved 1136640K
  class space    used 12927K, capacity 13864K, committed 13952K, reserved 1048576K
}
Event: 29.083 GC heap after
{Heap after GC invocations=34 (full 0):
 garbage-first heap   total 389120K, used 197558K [0x0000000080000000, 0x0000000100000000)
  region size 1024K, 7 young (7168K), 7 survivors (7168K)
 Metaspace       used 98516K, capacity 100963K, committed 101248K, reserved 1136640K
  class space    used 12927K, capacity 13864K, committed 13952K, reserved 1048576K
}
Event: 30.964 GC heap before
{Heap before GC invocations=35 (full 0):
 garbage-first heap   total 389120K, used 283574K [0x0000000080000000, 0x0000000100000000)
  region size 1024K, 82 young (83968K), 7 survivors (7168K)
 Metaspace       used 100783K, capacity 103281K, committed 103552K, reserved 1138688K
  class space    used 13171K, capacity 14096K, committed 14208K, reserved 1048576K
}
Event: 31.007 GC heap after
{Heap after GC invocations=36 (full 0):
 garbage-first heap   total 389120K, used 213351K [0x0000000080000000, 0x0000000100000000)
  region size 1024K, 11 young (11264K), 11 survivors (11264K)
 Metaspace       used 100783K, capacity 103281K, committed 103552K, reserved 1138688K
  class space    used 13171K, capacity 14096K, committed 14208K, reserved 1048576K
}
Event: 31.137 GC heap before
{Heap before GC invocations=36 (full 0):
 garbage-first heap   total 389120K, used 221543K [0x0000000080000000, 0x0000000100000000)
  region size 1024K, 19 young (19456K), 11 survivors (11264K)
 Metaspace       used 100784K, capacity 103281K, committed 103552K, reserved 1138688K
  class space    used 13171K, capacity 14096K, committed 14208K, reserved 1048576K
}
Event: 31.168 GC heap after
{Heap after GC invocations=37 (full 0):
 garbage-first heap   total 389120K, used 214087K [0x0000000080000000, 0x0000000100000000)
  region size 1024K, 3 young (3072K), 3 survivors (3072K)
 Metaspace       used 100784K, capacity 103281K, committed 103552K, reserved 1138688K
  class space    used 13171K, capacity 14096K, committed 14208K, reserved 1048576K
}
Event: 31.180 GC heap before
{Heap before GC invocations=37 (full 0):
 garbage-first heap   total 389120K, used 215111K [0x0000000080000000, 0x0000000100000000)
  region size 1024K, 5 young (5120K), 3 survivors (3072K)
 Metaspace       used 100784K, capacity 103281K, committed 103552K, reserved 1138688K
  class space    used 13171K, capacity 14096K, committed 14208K, reserved 1048576K
}
Event: 31.188 GC heap after
{Heap after GC invocations=38 (full 0):
 garbage-first heap   total 389120K, used 214407K [0x0000000080000000, 0x0000000100000000)
  region size 1024K, 3 young (3072K), 3 survivors (3072K)
 Metaspace       used 100784K, capacity 103281K, committed 103552K, reserved 1138688K
  class space    used 13171K, capacity 14096K, committed 14208K, reserved 1048576K
}
Event: 31.933 GC heap before
{Heap before GC invocations=38 (full 0):
 garbage-first heap   total 389120K, used 308615K [0x0000000080000000, 0x0000000100000000)
  region size 1024K, 77 young (78848K), 3 survivors (3072K)
 Metaspace       used 100994K, capacity 103538K, committed 103808K, reserved 1138688K
  class space    used 13189K, capacity 14136K, committed 14208K, reserved 1048576K
}
Event: 31.955 GC heap after
{Heap after GC invocations=39 (full 0):
 garbage-first heap   total 389120K, used 244205K [0x0000000080000000, 0x0000000100000000)
  region size 1024K, 10 young (10240K), 10 survivors (10240K)
 Metaspace       used 100994K, capacity 103538K, committed 103808K, reserved 1138688K
  class space    used 13189K, capacity 14136K, committed 14208K, reserved 1048576K
}
Event: 35.368 GC heap before
{Heap before GC invocations=40 (full 0):
 garbage-first heap   total 389120K, used 326125K [0x0000000080000000, 0x0000000100000000)
  region size 1024K, 72 young (73728K), 10 survivors (10240K)
 Metaspace       used 102258K, capacity 104874K, committed 104960K, reserved 1140736K
  class space    used 13349K, capacity 14319K, committed 14336K, reserved 1048576K
}
Event: 35.394 GC heap after
{Heap after GC invocations=41 (full 0):
 garbage-first heap   total 457728K, used 236410K [0x0000000080000000, 0x0000000100000000)
  region size 1024K, 3 young (3072K), 3 survivors (3072K)
 Metaspace       used 102258K, capacity 104874K, committed 104960K, reserved 1140736K
  class space    used 13349K, capacity 14319K, committed 14336K, reserved 1048576K
}
Event: 35.604 GC heap before
{Heap before GC invocations=41 (full 0):
 garbage-first heap   total 457728K, used 254842K [0x0000000080000000, 0x0000000100000000)
  region size 1024K, 22 young (22528K), 3 survivors (3072K)
 Metaspace       used 102494K, capacity 105098K, committed 105344K, reserved 1140736K
  class space    used 13368K, capacity 14351K, committed 14464K, reserved 1048576K
}
Event: 35.623 GC heap after
{Heap after GC invocations=42 (full 0):
 garbage-first heap   total 457728K, used 239297K [0x0000000080000000, 0x0000000100000000)
  region size 1024K, 3 young (3072K), 3 survivors (3072K)
 Metaspace       used 102494K, capacity 105098K, committed 105344K, reserved 1140736K
  class space    used 13368K, capacity 14351K, committed 14464K, reserved 1048576K
}

