# JRE version: OpenJDK Runtime Environment (11.0.12+7) (build 11.0.12+7-b1504.28-7817840)
# Java VM: OpenJDK 64-Bit Server VM (11.0.12+7-b1504.28-7817840, mixed mode, tiered, compressed oops, g1 gc, windows-amd64)
Heap:
 garbage-first heap   total 227328K, used 73988K [0x0000000080000000, 0x0000000100000000)
  region size 1024K, 9 young (9216K), 9 survivors (9216K)
 Metaspace       used 84402K, capacity 86290K, committed 86520K, reserved 1124352K
  class space    used 11061K, capacity 11806K, committed 11852K, reserved 1048576K
GC Heap History (20 events):
Event: 5.294 GC heap after
{Heap after GC invocations=7 (full 0):
 garbage-first heap   total 157696K, used 19856K [0x0000000080000000, 0x0000000100000000)
  region size 1024K, 4 young (4096K), 4 survivors (4096K)
 Metaspace       used 26531K, capacity 27148K, committed 27264K, reserved 1073152K
  class space    used 3460K, capacity 3662K, committed 3712K, reserved 1048576K
}
Event: 6.441 GC heap before
{Heap before GC invocations=7 (full 0):
 garbage-first heap   total 157696K, used 78224K [0x0000000080000000, 0x0000000100000000)
  region size 1024K, 62 young (63488K), 4 survivors (4096K)
 Metaspace       used 34871K, capacity 35650K, committed 35840K, reserved 1081344K
  class space    used 4533K, capacity 4839K, committed 4864K, reserved 1048576K
}
Event: 6.459 GC heap after
{Heap after GC invocations=8 (full 0):
 garbage-first heap   total 157696K, used 22836K [0x0000000080000000, 0x0000000100000000)
  region size 1024K, 7 young (7168K), 7 survivors (7168K)
 Metaspace       used 34871K, capacity 35650K, committed 35840K, reserved 1081344K
  class space    used 4533K, capacity 4839K, committed 4864K, reserved 1048576K
}
Event: 8.431 GC heap before
{Heap before GC invocations=9 (full 0):
 garbage-first heap   total 157696K, used 108852K [0x0000000080000000, 0x0000000100000000)
  region size 1024K, 89 young (91136K), 7 survivors (7168K)
 Metaspace       used 41959K, capacity 42846K, committed 42880K, reserved 1087488K
  class space    used 5404K, capacity 5754K, committed 5760K, reserved 1048576K
}
Event: 8.455 GC heap after
{Heap after GC invocations=10 (full 0):
 garbage-first heap   total 157696K, used 29143K [0x0000000080000000, 0x0000000100000000)
  region size 1024K, 12 young (12288K), 12 survivors (12288K)
 Metaspace       used 41959K, capacity 42846K, committed 42880K, reserved 1087488K
  class space    used 5404K, capacity 5754K, committed 5760K, reserved 1048576K
}
Event: 10.177 GC heap before
{Heap before GC invocations=10 (full 0):
 garbage-first heap   total 157696K, used 111063K [0x0000000080000000, 0x0000000100000000)
  region size 1024K, 92 young (94208K), 12 survivors (12288K)
 Metaspace       used 48075K, capacity 49232K, committed 49408K, reserved 1091584K
  class space    used 6176K, capacity 6644K, committed 6656K, reserved 1048576K
}
Event: 10.206 GC heap after
{Heap after GC invocations=11 (full 0):
 garbage-first heap   total 189440K, used 32472K [0x0000000080000000, 0x0000000100000000)
  region size 1024K, 10 young (10240K), 10 survivors (10240K)
 Metaspace       used 48075K, capacity 49232K, committed 49408K, reserved 1091584K
  class space    used 6176K, capacity 6644K, committed 6656K, reserved 1048576K
}
Event: 12.356 GC heap before
{Heap before GC invocations=11 (full 0):
 garbage-first heap   total 189440K, used 141016K [0x0000000080000000, 0x0000000100000000)
  region size 1024K, 109 young (111616K), 10 survivors (10240K)
 Metaspace       used 57620K, capacity 59054K, committed 59392K, reserved 1101824K
  class space    used 7327K, capacity 7845K, committed 7936K, reserved 1048576K
}
Event: 12.382 GC heap after
{Heap after GC invocations=12 (full 0):
 garbage-first heap   total 189440K, used 52051K [0x0000000080000000, 0x0000000100000000)
  region size 1024K, 14 young (14336K), 14 survivors (14336K)
 Metaspace       used 57620K, capacity 59054K, committed 59392K, reserved 1101824K
  class space    used 7327K, capacity 7845K, committed 7936K, reserved 1048576K
}
Event: 12.522 GC heap before
{Heap before GC invocations=12 (full 0):
 garbage-first heap   total 189440K, used 57171K [0x0000000080000000, 0x0000000100000000)
  region size 1024K, 20 young (20480K), 14 survivors (14336K)
 Metaspace       used 58483K, capacity 59845K, committed 59948K, reserved 1101824K
  class space    used 7452K, capacity 8025K, committed 8064K, reserved 1048576K
}
Event: 12.545 GC heap after
{Heap after GC invocations=13 (full 0):
 garbage-first heap   total 189440K, used 54272K [0x0000000080000000, 0x0000000100000000)
  region size 1024K, 2 young (2048K), 2 survivors (2048K)
 Metaspace       used 58483K, capacity 59845K, committed 59948K, reserved 1101824K
  class space    used 7452K, capacity 8025K, committed 8064K, reserved 1048576K
}
Event: 13.836 GC heap before
{Heap before GC invocations=14 (full 0):
 garbage-first heap   total 189440K, used 108544K [0x0000000080000000, 0x0000000100000000)
  region size 1024K, 56 young (57344K), 2 survivors (2048K)
 Metaspace       used 63949K, capacity 65353K, committed 65528K, reserved 1105920K
  class space    used 8121K, capacity 8661K, committed 8780K, reserved 1048576K
}
Event: 13.850 GC heap after
{Heap after GC invocations=15 (full 0):
 garbage-first heap   total 189440K, used 57312K [0x0000000080000000, 0x0000000100000000)
  region size 1024K, 5 young (5120K), 5 survivors (5120K)
 Metaspace       used 63949K, capacity 65353K, committed 65528K, reserved 1105920K
  class space    used 8121K, capacity 8661K, committed 8780K, reserved 1048576K
}
Event: 15.396 GC heap before
{Heap before GC invocations=16 (full 0):
 garbage-first heap   total 189440K, used 117728K [0x0000000080000000, 0x0000000100000000)
  region size 1024K, 63 young (64512K), 5 survivors (5120K)
 Metaspace       used 67860K, capacity 69380K, committed 69624K, reserved 1110016K
  class space    used 8633K, capacity 9181K, committed 9292K, reserved 1048576K
}
Event: 15.413 GC heap after
{Heap after GC invocations=17 (full 0):
 garbage-first heap   total 189440K, used 60962K [0x0000000080000000, 0x0000000100000000)
  region size 1024K, 4 young (4096K), 4 survivors (4096K)
 Metaspace       used 67860K, capacity 69380K, committed 69624K, reserved 1110016K
  class space    used 8633K, capacity 9181K, committed 9292K, reserved 1048576K
}
Event: 17.041 GC heap before
{Heap before GC invocations=17 (full 0):
 garbage-first heap   total 189440K, used 122402K [0x0000000080000000, 0x0000000100000000)
  region size 1024K, 64 young (65536K), 4 survivors (4096K)
 Metaspace       used 72968K, capacity 74444K, committed 74488K, reserved 1114112K
  class space    used 9459K, capacity 10036K, committed 10060K, reserved 1048576K
}
Event: 17.058 GC heap after
{Heap after GC invocations=18 (full 0):
 garbage-first heap   total 189440K, used 65130K [0x0000000080000000, 0x0000000100000000)
  region size 1024K, 8 young (8192K), 8 survivors (8192K)
 Metaspace       used 72968K, capacity 74444K, committed 74488K, reserved 1114112K
  class space    used 9459K, capacity 10036K, committed 10060K, reserved 1048576K
}
Event: 19.176 GC heap before
{Heap before GC invocations=18 (full 0):
 garbage-first heap   total 189440K, used 128618K [0x0000000080000000, 0x0000000100000000)
  region size 1024K, 70 young (71680K), 8 survivors (8192K)
 Metaspace       used 78590K, capacity 80255K, committed 80504K, reserved 1118208K
  class space    used 10289K, capacity 10943K, committed 10956K, reserved 1048576K
}
Event: 19.201 GC heap after
{Heap after GC invocations=19 (full 0):
 garbage-first heap   total 189440K, used 68825K [0x0000000080000000, 0x0000000100000000)
  region size 1024K, 8 young (8192K), 8 survivors (8192K)
 Metaspace       used 78590K, capacity 80255K, committed 80504K, reserved 1118208K
  class space    used 10289K, capacity 10943K, committed 10956K, reserved 1048576K
}
Event: 22.570 GC heap before
{Heap before GC invocations=19 (full 0):
 garbage-first heap   total 189440K, used 133337K [0x0000000080000000, 0x0000000100000000)
  region size 1024K, 71 young (72704K), 8 survivors (8192K)
 Metaspace       used 84402K, capacity 86290K, committed 86520K, reserved 1124352K
  class space    used 11061K, capacity 11806K, committed 11852K, reserved 1048576K
}

