# JRE version: OpenJDK Runtime Environment (11.0.12+7) (build 11.0.12+7-b1504.28-7817840)
# Java VM: OpenJDK 64-Bit Server VM (11.0.12+7-b1504.28-7817840, mixed mode, tiered, compressed oops, g1 gc, windows-amd64)
Heap:
 garbage-first heap   total 193536K, used 57856K [0x0000000081400000, 0x0000000100000000)
  region size 1024K, 9 young (9216K), 9 survivors (9216K)
 Metaspace       used 65494K, capacity 66299K, committed 66640K, reserved 1107968K
  class space    used 7241K, capacity 7564K, committed 7680K, reserved 1048576K
GC Heap History (17 events):
Event: 0.584 GC heap before
{Heap before GC invocations=0 (full 0):
 garbage-first heap   total 131072K, used 17408K [0x0000000081400000, 0x0000000100000000)
  region size 1024K, 14 young (14336K), 0 survivors (0K)
 Metaspace       used 9790K, capacity 9874K, committed 10112K, reserved 1058816K
  class space    used 838K, capacity 885K, committed 896K, reserved 1048576K
}
Event: 0.588 GC heap after
{Heap after GC invocations=1 (full 0):
 garbage-first heap   total 131072K, used 5217K [0x0000000081400000, 0x0000000100000000)
  region size 1024K, 2 young (2048K), 2 survivors (2048K)
 Metaspace       used 9790K, capacity 9874K, committed 10112K, reserved 1058816K
  class space    used 838K, capacity 885K, committed 896K, reserved 1048576K
}
Event: 1.976 GC heap before
{Heap before GC invocations=1 (full 0):
 garbage-first heap   total 131072K, used 51297K [0x0000000081400000, 0x0000000100000000)
  region size 1024K, 48 young (49152K), 2 survivors (2048K)
 Metaspace       used 20871K, capacity 21087K, committed 21296K, reserved 1069056K
  class space    used 2214K, capacity 2312K, committed 2432K, reserved 1048576K
}
Event: 1.992 GC heap after
{Heap after GC invocations=2 (full 0):
 garbage-first heap   total 131072K, used 9130K [0x0000000081400000, 0x0000000100000000)
  region size 1024K, 6 young (6144K), 6 survivors (6144K)
 Metaspace       used 20871K, capacity 21087K, committed 21296K, reserved 1069056K
  class space    used 2214K, capacity 2312K, committed 2432K, reserved 1048576K
}
Event: 3.876 GC heap before
{Heap before GC invocations=3 (full 0):
 garbage-first heap   total 131072K, used 62378K [0x0000000081400000, 0x0000000100000000)
  region size 1024K, 53 young (54272K), 6 survivors (6144K)
 Metaspace       used 32203K, capacity 32638K, committed 32816K, reserved 1077248K
  class space    used 4017K, capacity 4215K, committed 4224K, reserved 1048576K
}
Event: 3.899 GC heap after
{Heap after GC invocations=4 (full 0):
 garbage-first heap   total 131072K, used 20743K [0x0000000081400000, 0x0000000100000000)
  region size 1024K, 7 young (7168K), 7 survivors (7168K)
 Metaspace       used 32203K, capacity 32638K, committed 32816K, reserved 1077248K
  class space    used 4017K, capacity 4215K, committed 4224K, reserved 1048576K
}
Event: 4.308 GC heap before
{Heap before GC invocations=4 (full 0):
 garbage-first heap   total 131072K, used 36103K [0x0000000081400000, 0x0000000100000000)
  region size 1024K, 23 young (23552K), 7 survivors (7168K)
 Metaspace       used 35316K, capacity 35721K, committed 35920K, reserved 1081344K
  class space    used 4358K, capacity 4539K, committed 4608K, reserved 1048576K
}
Event: 4.341 GC heap after
{Heap after GC invocations=5 (full 0):
 garbage-first heap   total 131072K, used 20126K [0x0000000081400000, 0x0000000100000000)
  region size 1024K, 2 young (2048K), 2 survivors (2048K)
 Metaspace       used 35316K, capacity 35721K, committed 35920K, reserved 1081344K
  class space    used 4358K, capacity 4539K, committed 4608K, reserved 1048576K
}
Event: 5.795 GC heap before
{Heap before GC invocations=6 (full 0):
 garbage-first heap   total 131072K, used 76446K [0x0000000081400000, 0x0000000100000000)
  region size 1024K, 55 young (56320K), 2 survivors (2048K)
 Metaspace       used 46566K, capacity 47142K, committed 47312K, reserved 1091584K
  class space    used 5503K, capacity 5716K, committed 5760K, reserved 1048576K
}
Event: 5.816 GC heap after
{Heap after GC invocations=7 (full 0):
 garbage-first heap   total 157696K, used 27508K [0x0000000081400000, 0x0000000100000000)
  region size 1024K, 7 young (7168K), 7 survivors (7168K)
 Metaspace       used 46566K, capacity 47142K, committed 47312K, reserved 1091584K
  class space    used 5503K, capacity 5716K, committed 5760K, reserved 1048576K
}
Event: 7.520 GC heap before
{Heap before GC invocations=8 (full 0):
 garbage-first heap   total 157696K, used 92020K [0x0000000081400000, 0x0000000100000000)
  region size 1024K, 69 young (70656K), 7 survivors (7168K)
 Metaspace       used 54315K, capacity 55044K, committed 55120K, reserved 1097728K
  class space    used 6363K, capacity 6645K, committed 6656K, reserved 1048576K
}
Event: 7.549 GC heap after
{Heap after GC invocations=9 (full 0):
 garbage-first heap   total 157696K, used 34524K [0x0000000081400000, 0x0000000100000000)
  region size 1024K, 7 young (7168K), 7 survivors (7168K)
 Metaspace       used 54315K, capacity 55044K, committed 55120K, reserved 1097728K
  class space    used 6363K, capacity 6645K, committed 6656K, reserved 1048576K
}
Event: 9.225 GC heap before
{Heap before GC invocations=9 (full 0):
 garbage-first heap   total 157696K, used 101084K [0x0000000081400000, 0x0000000100000000)
  region size 1024K, 72 young (73728K), 7 survivors (7168K)
 Metaspace       used 56411K, capacity 57096K, committed 57296K, reserved 1099776K
  class space    used 6459K, capacity 6752K, committed 6784K, reserved 1048576K
}
Event: 9.267 GC heap after
{Heap after GC invocations=10 (full 0):
 garbage-first heap   total 157696K, used 44030K [0x0000000081400000, 0x0000000100000000)
  region size 1024K, 9 young (9216K), 9 survivors (9216K)
 Metaspace       used 56411K, capacity 57096K, committed 57296K, reserved 1099776K
  class space    used 6459K, capacity 6752K, committed 6784K, reserved 1048576K
}
Event: 11.713 GC heap before
{Heap before GC invocations=10 (full 0):
 garbage-first heap   total 157696K, used 108542K [0x0000000081400000, 0x0000000100000000)
  region size 1024K, 72 young (73728K), 9 survivors (9216K)
 Metaspace       used 60509K, capacity 61242K, committed 61520K, reserved 1103872K
  class space    used 6800K, capacity 7103K, committed 7168K, reserved 1048576K
}
Event: 11.755 GC heap after
{Heap after GC invocations=11 (full 0):
 garbage-first heap   total 157696K, used 49577K [0x0000000081400000, 0x0000000100000000)
  region size 1024K, 5 young (5120K), 5 survivors (5120K)
 Metaspace       used 60509K, capacity 61242K, committed 61520K, reserved 1103872K
  class space    used 6800K, capacity 7103K, committed 7168K, reserved 1048576K
}
Event: 14.957 GC heap before
{Heap before GC invocations=11 (full 0):
 garbage-first heap   total 157696K, used 114089K [0x0000000081400000, 0x0000000100000000)
  region size 1024K, 68 young (69632K), 5 survivors (5120K)
 Metaspace       used 65494K, capacity 66299K, committed 66640K, reserved 1107968K
  class space    used 7241K, capacity 7564K, committed 7680K, reserved 1048576K
}

