# JRE version: OpenJDK Runtime Environment (11.0.12+7) (build 11.0.12+7-b1504.28-7817840)
# Java VM: OpenJDK 64-Bit Server VM (11.0.12+7-b1504.28-7817840, mixed mode, tiered, compressed oops, g1 gc, windows-amd64)
Heap:
 garbage-first heap   total 273408K, used 189037K [0x0000000080000000, 0x0000000100000000)
  region size 1024K, 3 young (3072K), 1 survivors (1024K)
 Metaspace       used 199099K, capacity 204397K, committed 204720K, reserved 1226752K
  class space    used 25226K, capacity 27273K, committed 27364K, reserved 1048576K
GC Heap History (20 events):
Event: 5910.775 GC heap before
{Heap before GC invocations=139 (full 0):
 garbage-first heap   total 273408K, used 234247K [0x0000000080000000, 0x0000000100000000)
  region size 1024K, 17 young (17408K), 3 survivors (3072K)
 Metaspace       used 194569K, capacity 199786K, committed 199984K, reserved 1222656K
  class space    used 24871K, capacity 26885K, committed 26980K, reserved 1048576K
}
Event: 5910.787 GC heap after
{Heap after GC invocations=140 (full 0):
 garbage-first heap   total 273408K, used 222976K [0x0000000080000000, 0x0000000100000000)
  region size 1024K, 3 young (3072K), 3 survivors (3072K)
 Metaspace       used 194569K, capacity 199786K, committed 199984K, reserved 1222656K
  class space    used 24871K, capacity 26885K, committed 26980K, reserved 1048576K
}
Event: 5911.316 GC heap before
{Heap before GC invocations=140 (full 0):
 garbage-first heap   total 273408K, used 233216K [0x0000000080000000, 0x0000000100000000)
  region size 1024K, 13 young (13312K), 3 survivors (3072K)
 Metaspace       used 195175K, capacity 200394K, committed 200496K, reserved 1222656K
  class space    used 24907K, capacity 26917K, committed 26980K, reserved 1048576K
}
Event: 5911.354 GC heap after
{Heap after GC invocations=141 (full 0):
 garbage-first heap   total 273408K, used 223790K [0x0000000080000000, 0x0000000100000000)
  region size 1024K, 2 young (2048K), 2 survivors (2048K)
 Metaspace       used 195175K, capacity 200394K, committed 200496K, reserved 1222656K
  class space    used 24907K, capacity 26917K, committed 26980K, reserved 1048576K
}
Event: 5911.722 GC heap before
{Heap before GC invocations=141 (full 0):
 garbage-first heap   total 273408K, used 235054K [0x0000000080000000, 0x0000000100000000)
  region size 1024K, 14 young (14336K), 2 survivors (2048K)
 Metaspace       used 195685K, capacity 200874K, committed 201008K, reserved 1222656K
  class space    used 24951K, capacity 26949K, committed 26980K, reserved 1048576K
}
Event: 5911.734 GC heap after
{Heap after GC invocations=142 (full 0):
 garbage-first heap   total 273408K, used 226304K [0x0000000080000000, 0x0000000100000000)
  region size 1024K, 2 young (2048K), 2 survivors (2048K)
 Metaspace       used 195685K, capacity 200874K, committed 201008K, reserved 1222656K
  class space    used 24951K, capacity 26949K, committed 26980K, reserved 1048576K
}
Event: 5912.499 GC heap before
{Heap before GC invocations=142 (full 0):
 garbage-first heap   total 273408K, used 219136K [0x0000000080000000, 0x0000000100000000)
  region size 1024K, 13 young (13312K), 2 survivors (2048K)
 Metaspace       used 196754K, capacity 202024K, committed 202160K, reserved 1224704K
  class space    used 25027K, capacity 27050K, committed 27108K, reserved 1048576K
}
Event: 5912.513 GC heap after
{Heap after GC invocations=143 (full 0):
 garbage-first heap   total 273408K, used 210970K [0x0000000080000000, 0x0000000100000000)
  region size 1024K, 2 young (2048K), 2 survivors (2048K)
 Metaspace       used 196754K, capacity 202024K, committed 202160K, reserved 1224704K
  class space    used 25027K, capacity 27050K, committed 27108K, reserved 1048576K
}
Event: 5913.677 GC heap before
{Heap before GC invocations=144 (full 0):
 garbage-first heap   total 273408K, used 229402K [0x0000000080000000, 0x0000000100000000)
  region size 1024K, 20 young (20480K), 2 survivors (2048K)
 Metaspace       used 197157K, capacity 202351K, committed 202416K, reserved 1224704K
  class space    used 25054K, capacity 27051K, committed 27108K, reserved 1048576K
}
Event: 5913.685 GC heap after
{Heap after GC invocations=145 (full 0):
 garbage-first heap   total 273408K, used 210117K [0x0000000080000000, 0x0000000100000000)
  region size 1024K, 1 young (1024K), 1 survivors (1024K)
 Metaspace       used 197157K, capacity 202351K, committed 202416K, reserved 1224704K
  class space    used 25054K, capacity 27051K, committed 27108K, reserved 1048576K
}
Event: 5914.906 GC heap before
{Heap before GC invocations=145 (full 0):
 garbage-first heap   total 273408K, used 221381K [0x0000000080000000, 0x0000000100000000)
  region size 1024K, 13 young (13312K), 1 survivors (1024K)
 Metaspace       used 197579K, capacity 202820K, committed 203056K, reserved 1224704K
  class space    used 25112K, capacity 27122K, committed 27236K, reserved 1048576K
}
Event: 5914.920 GC heap after
{Heap after GC invocations=146 (full 0):
 garbage-first heap   total 273408K, used 186992K [0x0000000080000000, 0x0000000100000000)
  region size 1024K, 1 young (1024K), 1 survivors (1024K)
 Metaspace       used 197579K, capacity 202820K, committed 203056K, reserved 1224704K
  class space    used 25112K, capacity 27122K, committed 27236K, reserved 1048576K
}
Event: 5915.583 GC heap before
{Heap before GC invocations=146 (full 0):
 garbage-first heap   total 273408K, used 199280K [0x0000000080000000, 0x0000000100000000)
  region size 1024K, 13 young (13312K), 1 survivors (1024K)
 Metaspace       used 197618K, capacity 202821K, committed 203056K, reserved 1224704K
  class space    used 25112K, capacity 27122K, committed 27236K, reserved 1048576K
}
Event: 5915.600 GC heap after
{Heap after GC invocations=147 (full 0):
 garbage-first heap   total 273408K, used 185738K [0x0000000080000000, 0x0000000100000000)
  region size 1024K, 1 young (1024K), 1 survivors (1024K)
 Metaspace       used 197618K, capacity 202821K, committed 203056K, reserved 1224704K
  class space    used 25112K, capacity 27122K, committed 27236K, reserved 1048576K
}
Event: 5917.745 GC heap before
{Heap before GC invocations=147 (full 0):
 garbage-first heap   total 273408K, used 220554K [0x0000000080000000, 0x0000000100000000)
  region size 1024K, 36 young (36864K), 1 survivors (1024K)
 Metaspace       used 198183K, capacity 203479K, committed 203568K, reserved 1226752K
  class space    used 25163K, capacity 27166K, committed 27236K, reserved 1048576K
}
Event: 5917.762 GC heap after
{Heap after GC invocations=148 (full 0):
 garbage-first heap   total 273408K, used 186944K [0x0000000080000000, 0x0000000100000000)
  region size 1024K, 2 young (2048K), 2 survivors (2048K)
 Metaspace       used 198183K, capacity 203479K, committed 203568K, reserved 1226752K
  class space    used 25163K, capacity 27166K, committed 27236K, reserved 1048576K
}
Event: 5920.724 GC heap before
{Heap before GC invocations=149 (full 0):
 garbage-first heap   total 273408K, used 224832K [0x0000000080000000, 0x0000000100000000)
  region size 1024K, 39 young (39936K), 2 survivors (2048K)
 Metaspace       used 198411K, capacity 203718K, committed 203824K, reserved 1226752K
  class space    used 25187K, capacity 27203K, committed 27236K, reserved 1048576K
}
Event: 5920.737 GC heap after
{Heap after GC invocations=150 (full 0):
 garbage-first heap   total 273408K, used 192071K [0x0000000080000000, 0x0000000100000000)
  region size 1024K, 5 young (5120K), 5 survivors (5120K)
 Metaspace       used 198411K, capacity 203718K, committed 203824K, reserved 1226752K
  class space    used 25187K, capacity 27203K, committed 27236K, reserved 1048576K
}
Event: 5920.820 GC heap before
{Heap before GC invocations=150 (full 0):
 garbage-first heap   total 273408K, used 199239K [0x0000000080000000, 0x0000000100000000)
  region size 1024K, 13 young (13312K), 5 survivors (5120K)
 Metaspace       used 198427K, capacity 203724K, committed 203824K, reserved 1226752K
  class space    used 25189K, capacity 27205K, committed 27236K, reserved 1048576K
}
Event: 5920.861 GC heap after
{Heap after GC invocations=151 (full 0):
 garbage-first heap   total 273408K, used 183583K [0x0000000080000000, 0x0000000100000000)
  region size 1024K, 2 young (2048K), 2 survivors (2048K)
 Metaspace       used 198427K, capacity 203724K, committed 203824K, reserved 1226752K
  class space    used 25189K, capacity 27205K, committed 27236K, reserved 1048576K
}

