# JRE version: OpenJDK Runtime Environment (11.0.12+7) (build 11.0.12+7-b1504.28-7817840)
# Java VM: OpenJDK 64-Bit Server VM (11.0.12+7-b1504.28-7817840, mixed mode, tiered, compressed oops, g1 gc, windows-amd64)
Heap:
 garbage-first heap   total 131072K, used 78115K [0x0000000080000000, 0x0000000100000000)
  region size 1024K, 63 young (64512K), 4 survivors (4096K)
 Metaspace       used 34100K, capacity 34914K, committed 35072K, reserved 1079296K
  class space    used 4421K, capacity 4743K, committed 4864K, reserved 1048576K
GC Heap History (8 events):
Event: 1.806 GC heap before
{Heap before GC invocations=0 (full 0):
 garbage-first heap   total 131072K, used 20480K [0x0000000080000000, 0x0000000100000000)
  region size 1024K, 14 young (14336K), 0 survivors (0K)
 Metaspace       used 6749K, capacity 6925K, committed 7168K, reserved 1056768K
  class space    used 582K, capacity 650K, committed 768K, reserved 1048576K
}
Event: 1.815 GC heap after
{Heap after GC invocations=1 (full 0):
 garbage-first heap   total 131072K, used 7662K [0x0000000080000000, 0x0000000100000000)
  region size 1024K, 2 young (2048K), 2 survivors (2048K)
 Metaspace       used 6749K, capacity 6925K, committed 7168K, reserved 1056768K
  class space    used 582K, capacity 650K, committed 768K, reserved 1048576K
}
Event: 6.571 GC heap before
{Heap before GC invocations=1 (full 0):
 garbage-first heap   total 131072K, used 83438K [0x0000000080000000, 0x0000000100000000)
  region size 1024K, 76 young (77824K), 2 survivors (2048K)
 Metaspace       used 16754K, capacity 17166K, committed 17280K, reserved 1064960K
  class space    used 1936K, capacity 2068K, committed 2176K, reserved 1048576K
}
Event: 6.599 GC heap after
{Heap after GC invocations=2 (full 0):
 garbage-first heap   total 131072K, used 15825K [0x0000000080000000, 0x0000000100000000)
  region size 1024K, 10 young (10240K), 10 survivors (10240K)
 Metaspace       used 16754K, capacity 17166K, committed 17280K, reserved 1064960K
  class space    used 1936K, capacity 2068K, committed 2176K, reserved 1048576K
}
Event: 7.649 GC heap before
{Heap before GC invocations=2 (full 0):
 garbage-first heap   total 131072K, used 51665K [0x0000000080000000, 0x0000000100000000)
  region size 1024K, 47 young (48128K), 10 survivors (10240K)
 Metaspace       used 20694K, capacity 21137K, committed 21248K, reserved 1067008K
  class space    used 2545K, capacity 2712K, committed 2816K, reserved 1048576K
}
Event: 7.667 GC heap after
{Heap after GC invocations=3 (full 0):
 garbage-first heap   total 131072K, used 17137K [0x0000000080000000, 0x0000000100000000)
  region size 1024K, 2 young (2048K), 2 survivors (2048K)
 Metaspace       used 20694K, capacity 21137K, committed 21248K, reserved 1067008K
  class space    used 2545K, capacity 2712K, committed 2816K, reserved 1048576K
}
Event: 9.443 GC heap before
{Heap before GC invocations=4 (full 0):
 garbage-first heap   total 131072K, used 69361K [0x0000000080000000, 0x0000000100000000)
  region size 1024K, 53 young (54272K), 2 survivors (2048K)
 Metaspace       used 26187K, capacity 26758K, committed 27008K, reserved 1073152K
  class space    used 3396K, capacity 3591K, committed 3712K, reserved 1048576K
}
Event: 9.452 GC heap after
{Heap after GC invocations=5 (full 0):
 garbage-first heap   total 131072K, used 18723K [0x0000000080000000, 0x0000000100000000)
  region size 1024K, 4 young (4096K), 4 survivors (4096K)
 Metaspace       used 26187K, capacity 26758K, committed 27008K, reserved 1073152K
  class space    used 3396K, capacity 3591K, committed 3712K, reserved 1048576K
}

