# JRE version: OpenJDK Runtime Environment (11.0.12+7) (build 11.0.12+7-b1504.28-7817840)
# Java VM: OpenJDK 64-Bit Server VM (11.0.12+7-b1504.28-7817840, mixed mode, tiered, compressed oops, g1 gc, windows-amd64)
Heap:
 garbage-first heap   total 157696K, used 109379K [0x0000000081400000, 0x0000000100000000)
  region size 1024K, 64 young (65536K), 4 survivors (4096K)
 Metaspace       used 64600K, capacity 65423K, committed 65664K, reserved 1107968K
  class space    used 7147K, capacity 7462K, committed 7552K, reserved 1048576K
GC Heap History (16 events):
Event: 0.889 GC heap before
{Heap before GC invocations=0 (full 0):
 garbage-first heap   total 131072K, used 17408K [0x0000000081400000, 0x0000000100000000)
  region size 1024K, 14 young (14336K), 0 survivors (0K)
 Metaspace       used 9805K, capacity 9874K, committed 10112K, reserved 1058816K
  class space    used 838K, capacity 885K, committed 896K, reserved 1048576K
}
Event: 0.895 GC heap after
{Heap after GC invocations=1 (full 0):
 garbage-first heap   total 131072K, used 5217K [0x0000000081400000, 0x0000000100000000)
  region size 1024K, 2 young (2048K), 2 survivors (2048K)
 Metaspace       used 9805K, capacity 9874K, committed 10112K, reserved 1058816K
  class space    used 838K, capacity 885K, committed 896K, reserved 1048576K
}
Event: 2.737 GC heap before
{Heap before GC invocations=1 (full 0):
 garbage-first heap   total 131072K, used 50273K [0x0000000081400000, 0x0000000100000000)
  region size 1024K, 47 young (48128K), 2 survivors (2048K)
 Metaspace       used 20797K, capacity 20990K, committed 21248K, reserved 1069056K
  class space    used 2199K, capacity 2280K, committed 2304K, reserved 1048576K
}
Event: 2.758 GC heap after
{Heap after GC invocations=2 (full 0):
 garbage-first heap   total 131072K, used 9058K [0x0000000081400000, 0x0000000100000000)
  region size 1024K, 6 young (6144K), 6 survivors (6144K)
 Metaspace       used 20797K, capacity 20990K, committed 21248K, reserved 1069056K
  class space    used 2199K, capacity 2280K, committed 2304K, reserved 1048576K
}
Event: 4.700 GC heap before
{Heap before GC invocations=3 (full 0):
 garbage-first heap   total 131072K, used 62306K [0x0000000081400000, 0x0000000100000000)
  region size 1024K, 53 young (54272K), 6 survivors (6144K)
 Metaspace       used 32010K, capacity 32478K, committed 32640K, reserved 1077248K
  class space    used 3984K, capacity 4183K, committed 4224K, reserved 1048576K
}
Event: 4.727 GC heap after
{Heap after GC invocations=4 (full 0):
 garbage-first heap   total 131072K, used 20756K [0x0000000081400000, 0x0000000100000000)
  region size 1024K, 7 young (7168K), 7 survivors (7168K)
 Metaspace       used 32010K, capacity 32478K, committed 32640K, reserved 1077248K
  class space    used 3984K, capacity 4183K, committed 4224K, reserved 1048576K
}
Event: 5.127 GC heap before
{Heap before GC invocations=4 (full 0):
 garbage-first heap   total 131072K, used 35092K [0x0000000081400000, 0x0000000100000000)
  region size 1024K, 22 young (22528K), 7 survivors (7168K)
 Metaspace       used 35018K, capacity 35433K, committed 35584K, reserved 1081344K
  class space    used 4307K, capacity 4507K, committed 4608K, reserved 1048576K
}
Event: 5.140 GC heap after
{Heap after GC invocations=5 (full 0):
 garbage-first heap   total 131072K, used 20390K [0x0000000081400000, 0x0000000100000000)
  region size 1024K, 2 young (2048K), 2 survivors (2048K)
 Metaspace       used 35018K, capacity 35433K, committed 35584K, reserved 1081344K
  class space    used 4307K, capacity 4507K, committed 4608K, reserved 1048576K
}
Event: 6.774 GC heap before
{Heap before GC invocations=6 (full 0):
 garbage-first heap   total 131072K, used 76710K [0x0000000081400000, 0x0000000100000000)
  region size 1024K, 55 young (56320K), 2 survivors (2048K)
 Metaspace       used 46402K, capacity 46922K, committed 47232K, reserved 1091584K
  class space    used 5459K, capacity 5642K, committed 5760K, reserved 1048576K
}
Event: 6.802 GC heap after
{Heap after GC invocations=7 (full 0):
 garbage-first heap   total 157696K, used 27229K [0x0000000081400000, 0x0000000100000000)
  region size 1024K, 7 young (7168K), 7 survivors (7168K)
 Metaspace       used 46402K, capacity 46922K, committed 47232K, reserved 1091584K
  class space    used 5459K, capacity 5642K, committed 5760K, reserved 1048576K
}
Event: 8.638 GC heap before
{Heap before GC invocations=8 (full 0):
 garbage-first heap   total 157696K, used 92765K [0x0000000081400000, 0x0000000100000000)
  region size 1024K, 70 young (71680K), 7 survivors (7168K)
 Metaspace       used 54200K, capacity 54879K, committed 55040K, reserved 1097728K
  class space    used 6331K, capacity 6613K, committed 6656K, reserved 1048576K
}
Event: 8.668 GC heap after
{Heap after GC invocations=9 (full 0):
 garbage-first heap   total 157696K, used 34579K [0x0000000081400000, 0x0000000100000000)
  region size 1024K, 8 young (8192K), 8 survivors (8192K)
 Metaspace       used 54200K, capacity 54879K, committed 55040K, reserved 1097728K
  class space    used 6331K, capacity 6613K, committed 6656K, reserved 1048576K
}
Event: 11.069 GC heap before
{Heap before GC invocations=9 (full 0):
 garbage-first heap   total 157696K, used 101139K [0x0000000081400000, 0x0000000100000000)
  region size 1024K, 73 young (74752K), 8 survivors (8192K)
 Metaspace       used 56530K, capacity 57218K, committed 57472K, reserved 1099776K
  class space    used 6461K, capacity 6752K, committed 6784K, reserved 1048576K
}
Event: 11.111 GC heap after
{Heap after GC invocations=10 (full 0):
 garbage-first heap   total 157696K, used 44369K [0x0000000081400000, 0x0000000100000000)
  region size 1024K, 10 young (10240K), 10 survivors (10240K)
 Metaspace       used 56530K, capacity 57218K, committed 57472K, reserved 1099776K
  class space    used 6461K, capacity 6752K, committed 6784K, reserved 1048576K
}
Event: 13.186 GC heap before
{Heap before GC invocations=10 (full 0):
 garbage-first heap   total 157696K, used 108881K [0x0000000081400000, 0x0000000100000000)
  region size 1024K, 73 young (74752K), 10 survivors (10240K)
 Metaspace       used 59996K, capacity 60678K, committed 60928K, reserved 1103872K
  class space    used 6777K, capacity 7067K, committed 7168K, reserved 1048576K
}
Event: 13.222 GC heap after
{Heap after GC invocations=11 (full 0):
 garbage-first heap   total 157696K, used 48963K [0x0000000081400000, 0x0000000100000000)
  region size 1024K, 4 young (4096K), 4 survivors (4096K)
 Metaspace       used 59996K, capacity 60678K, committed 60928K, reserved 1103872K
  class space    used 6777K, capacity 7067K, committed 7168K, reserved 1048576K
}

