# JRE version: OpenJDK Runtime Environment (11.0.12+7) (build 11.0.12+7-b1504.28-7817840)
# Java VM: OpenJDK 64-Bit Server VM (11.0.12+7-b1504.28-7817840, mixed mode, tiered, compressed oops, g1 gc, windows-amd64)
Heap:
 garbage-first heap   total 328704K, used 191236K [0x0000000080000000, 0x0000000100000000)
  region size 1024K, 6 young (6144K), 6 survivors (6144K)
 Metaspace       used 146332K, capacity 150842K, committed 151116K, reserved 1179648K
  class space    used 18371K, capacity 20002K, committed 20044K, reserved 1048576K
GC Heap History (20 events):
Event: 843.108 GC heap after
{Heap after GC invocations=63 (full 0):
 garbage-first heap   total 273408K, used 182194K [0x0000000080000000, 0x0000000100000000)
  region size 1024K, 3 young (3072K), 3 survivors (3072K)
 Metaspace       used 145694K, capacity 150177K, committed 150348K, reserved 1179648K
  class space    used 18339K, capacity 19976K, committed 20044K, reserved 1048576K
}
Event: 843.460 GC heap before
{Heap before GC invocations=63 (full 0):
 garbage-first heap   total 273408K, used 233394K [0x0000000080000000, 0x0000000100000000)
  region size 1024K, 53 young (54272K), 3 survivors (3072K)
 Metaspace       used 145741K, capacity 150242K, committed 150348K, reserved 1179648K
  class space    used 18340K, capacity 19976K, committed 20044K, reserved 1048576K
}
Event: 843.467 GC heap after
{Heap after GC invocations=64 (full 0):
 garbage-first heap   total 273408K, used 182393K [0x0000000080000000, 0x0000000100000000)
  region size 1024K, 3 young (3072K), 3 survivors (3072K)
 Metaspace       used 145741K, capacity 150242K, committed 150348K, reserved 1179648K
  class space    used 18340K, capacity 19976K, committed 20044K, reserved 1048576K
}
Event: 843.932 GC heap before
{Heap before GC invocations=64 (full 0):
 garbage-first heap   total 273408K, used 234617K [0x0000000080000000, 0x0000000100000000)
  region size 1024K, 54 young (55296K), 3 survivors (3072K)
 Metaspace       used 145786K, capacity 150263K, committed 150348K, reserved 1179648K
  class space    used 18344K, capacity 19983K, committed 20044K, reserved 1048576K
}
Event: 843.940 GC heap after
{Heap after GC invocations=65 (full 0):
 garbage-first heap   total 273408K, used 182868K [0x0000000080000000, 0x0000000100000000)
  region size 1024K, 3 young (3072K), 3 survivors (3072K)
 Metaspace       used 145786K, capacity 150263K, committed 150348K, reserved 1179648K
  class space    used 18344K, capacity 19983K, committed 20044K, reserved 1048576K
}
Event: 844.358 GC heap before
{Heap before GC invocations=65 (full 0):
 garbage-first heap   total 273408K, used 236116K [0x0000000080000000, 0x0000000100000000)
  region size 1024K, 55 young (56320K), 3 survivors (3072K)
 Metaspace       used 145817K, capacity 150330K, committed 150604K, reserved 1179648K
  class space    used 18344K, capacity 19983K, committed 20044K, reserved 1048576K
}
Event: 844.366 GC heap after
{Heap after GC invocations=66 (full 0):
 garbage-first heap   total 273408K, used 183001K [0x0000000080000000, 0x0000000100000000)
  region size 1024K, 3 young (3072K), 3 survivors (3072K)
 Metaspace       used 145817K, capacity 150330K, committed 150604K, reserved 1179648K
  class space    used 18344K, capacity 19983K, committed 20044K, reserved 1048576K
}
Event: 844.722 GC heap before
{Heap before GC invocations=66 (full 0):
 garbage-first heap   total 273408K, used 237273K [0x0000000080000000, 0x0000000100000000)
  region size 1024K, 56 young (57344K), 3 survivors (3072K)
 Metaspace       used 145853K, capacity 150330K, committed 150604K, reserved 1179648K
  class space    used 18347K, capacity 19983K, committed 20044K, reserved 1048576K
}
Event: 844.732 GC heap after
{Heap after GC invocations=67 (full 0):
 garbage-first heap   total 273408K, used 183141K [0x0000000080000000, 0x0000000100000000)
  region size 1024K, 4 young (4096K), 4 survivors (4096K)
 Metaspace       used 145853K, capacity 150330K, committed 150604K, reserved 1179648K
  class space    used 18347K, capacity 19983K, committed 20044K, reserved 1048576K
}
Event: 845.085 GC heap before
{Heap before GC invocations=67 (full 0):
 garbage-first heap   total 273408K, used 237413K [0x0000000080000000, 0x0000000100000000)
  region size 1024K, 57 young (58368K), 4 survivors (4096K)
 Metaspace       used 145884K, capacity 150339K, committed 150604K, reserved 1179648K
  class space    used 18348K, capacity 19985K, committed 20044K, reserved 1048576K
}
Event: 845.095 GC heap after
{Heap after GC invocations=68 (full 0):
 garbage-first heap   total 273408K, used 183748K [0x0000000080000000, 0x0000000100000000)
  region size 1024K, 4 young (4096K), 4 survivors (4096K)
 Metaspace       used 145884K, capacity 150339K, committed 150604K, reserved 1179648K
  class space    used 18348K, capacity 19985K, committed 20044K, reserved 1048576K
}
Event: 845.416 GC heap before
{Heap before GC invocations=68 (full 0):
 garbage-first heap   total 273408K, used 238020K [0x0000000080000000, 0x0000000100000000)
  region size 1024K, 57 young (58368K), 4 survivors (4096K)
 Metaspace       used 145931K, capacity 150420K, committed 150604K, reserved 1179648K
  class space    used 18362K, capacity 19991K, committed 20044K, reserved 1048576K
}
Event: 845.426 GC heap after
{Heap after GC invocations=69 (full 0):
 garbage-first heap   total 273408K, used 184025K [0x0000000080000000, 0x0000000100000000)
  region size 1024K, 4 young (4096K), 4 survivors (4096K)
 Metaspace       used 145931K, capacity 150420K, committed 150604K, reserved 1179648K
  class space    used 18362K, capacity 19991K, committed 20044K, reserved 1048576K
}
Event: 846.295 GC heap before
{Heap before GC invocations=69 (full 0):
 garbage-first heap   total 273408K, used 239321K [0x0000000080000000, 0x0000000100000000)
  region size 1024K, 58 young (59392K), 4 survivors (4096K)
 Metaspace       used 146230K, capacity 150695K, committed 150860K, reserved 1179648K
  class space    used 18367K, capacity 19999K, committed 20044K, reserved 1048576K
}
Event: 846.304 GC heap after
{Heap after GC invocations=70 (full 0):
 garbage-first heap   total 273408K, used 182552K [0x0000000080000000, 0x0000000100000000)
  region size 1024K, 3 young (3072K), 3 survivors (3072K)
 Metaspace       used 146230K, capacity 150695K, committed 150860K, reserved 1179648K
  class space    used 18367K, capacity 19999K, committed 20044K, reserved 1048576K
}
Event: 847.362 GC heap before
{Heap before GC invocations=70 (full 0):
 garbage-first heap   total 273408K, used 237848K [0x0000000080000000, 0x0000000100000000)
  region size 1024K, 58 young (59392K), 3 survivors (3072K)
 Metaspace       used 146295K, capacity 150835K, committed 151116K, reserved 1179648K
  class space    used 18369K, capacity 20001K, committed 20044K, reserved 1048576K
}
Event: 847.378 GC heap after
{Heap after GC invocations=71 (full 0):
 garbage-first heap   total 273408K, used 187906K [0x0000000080000000, 0x0000000100000000)
  region size 1024K, 8 young (8192K), 8 survivors (8192K)
 Metaspace       used 146295K, capacity 150835K, committed 151116K, reserved 1179648K
  class space    used 18369K, capacity 20001K, committed 20044K, reserved 1048576K
}
Event: 848.052 GC heap before
{Heap before GC invocations=71 (full 0):
 garbage-first heap   total 273408K, used 237058K [0x0000000080000000, 0x0000000100000000)
  region size 1024K, 56 young (57344K), 8 survivors (8192K)
 Metaspace       used 146329K, capacity 150842K, committed 151116K, reserved 1179648K
  class space    used 18371K, capacity 20002K, committed 20044K, reserved 1048576K
}
Event: 848.074 GC heap after
{Heap after GC invocations=72 (full 0):
 garbage-first heap   total 273408K, used 189418K [0x0000000080000000, 0x0000000100000000)
  region size 1024K, 4 young (4096K), 4 survivors (4096K)
 Metaspace       used 146329K, capacity 150842K, committed 151116K, reserved 1179648K
  class space    used 18371K, capacity 20002K, committed 20044K, reserved 1048576K
}
Event: 848.380 GC heap before
{Heap before GC invocations=72 (full 0):
 garbage-first heap   total 273408K, used 236522K [0x0000000080000000, 0x0000000100000000)
  region size 1024K, 50 young (51200K), 4 survivors (4096K)
 Metaspace       used 146332K, capacity 150842K, committed 151116K, reserved 1179648K
  class space    used 18371K, capacity 20002K, committed 20044K, reserved 1048576K
}

