# JRE version: OpenJDK Runtime Environment (11.0.12+7) (build 11.0.12+7-b1504.28-7817840)
# Java VM: OpenJDK 64-Bit Server VM (11.0.12+7-b1504.28-7817840, mixed mode, tiered, compressed oops, g1 gc, windows-amd64)
Heap:
 garbage-first heap   total 227328K, used 118787K [0x0000000080000000, 0x0000000100000000)
  region size 1024K, 60 young (61440K), 9 survivors (9216K)
 Metaspace       used 76206K, capacity 77958K, committed 78124K, reserved 1116160K
  class space    used 9924K, capacity 10579K, committed 10624K, reserved 1048576K
GC Heap History (20 events):
Event: 5.007 GC heap before
{Heap before GC invocations=4 (full 0):
 garbage-first heap   total 131072K, used 49243K [0x0000000080000000, 0x0000000100000000)
  region size 1024K, 40 young (40960K), 6 survivors (6144K)
 Metaspace       used 20704K, capacity 21140K, committed 21248K, reserved 1067008K
  class space    used 2556K, capacity 2713K, committed 2816K, reserved 1048576K
}
Event: 5.019 GC heap after
{Heap after GC invocations=5 (full 0):
 garbage-first heap   total 131072K, used 17568K [0x0000000080000000, 0x0000000100000000)
  region size 1024K, 6 young (6144K), 6 survivors (6144K)
 Metaspace       used 20704K, capacity 21140K, committed 21248K, reserved 1067008K
  class space    used 2556K, capacity 2713K, committed 2816K, reserved 1048576K
}
Event: 5.940 GC heap before
{Heap before GC invocations=6 (full 0):
 garbage-first heap   total 131072K, used 73888K [0x0000000080000000, 0x0000000100000000)
  region size 1024K, 61 young (62464K), 6 survivors (6144K)
 Metaspace       used 26691K, capacity 27366K, committed 27648K, reserved 1073152K
  class space    used 3492K, capacity 3735K, committed 3840K, reserved 1048576K
}
Event: 5.954 GC heap after
{Heap after GC invocations=7 (full 0):
 garbage-first heap   total 157696K, used 19613K [0x0000000080000000, 0x0000000100000000)
  region size 1024K, 4 young (4096K), 4 survivors (4096K)
 Metaspace       used 26691K, capacity 27366K, committed 27648K, reserved 1073152K
  class space    used 3492K, capacity 3735K, committed 3840K, reserved 1048576K
}
Event: 7.119 GC heap before
{Heap before GC invocations=7 (full 0):
 garbage-first heap   total 157696K, used 76957K [0x0000000080000000, 0x0000000100000000)
  region size 1024K, 61 young (62464K), 4 survivors (4096K)
 Metaspace       used 34891K, capacity 35714K, committed 35840K, reserved 1081344K
  class space    used 4533K, capacity 4839K, committed 4864K, reserved 1048576K
}
Event: 7.138 GC heap after
{Heap after GC invocations=8 (full 0):
 garbage-first heap   total 157696K, used 22490K [0x0000000080000000, 0x0000000100000000)
  region size 1024K, 7 young (7168K), 7 survivors (7168K)
 Metaspace       used 34891K, capacity 35714K, committed 35840K, reserved 1081344K
  class space    used 4533K, capacity 4839K, committed 4864K, reserved 1048576K
}
Event: 8.796 GC heap before
{Heap before GC invocations=9 (full 0):
 garbage-first heap   total 157696K, used 102362K [0x0000000080000000, 0x0000000100000000)
  region size 1024K, 83 young (84992K), 7 survivors (7168K)
 Metaspace       used 41245K, capacity 42117K, committed 42368K, reserved 1085440K
  class space    used 5292K, capacity 5646K, committed 5760K, reserved 1048576K
}
Event: 8.816 GC heap after
{Heap after GC invocations=10 (full 0):
 garbage-first heap   total 157696K, used 29143K [0x0000000080000000, 0x0000000100000000)
  region size 1024K, 11 young (11264K), 11 survivors (11264K)
 Metaspace       used 41245K, capacity 42117K, committed 42368K, reserved 1085440K
  class space    used 5292K, capacity 5646K, committed 5760K, reserved 1048576K
}
Event: 10.448 GC heap before
{Heap before GC invocations=10 (full 0):
 garbage-first heap   total 157696K, used 113111K [0x0000000080000000, 0x0000000100000000)
  region size 1024K, 92 young (94208K), 11 survivors (11264K)
 Metaspace       used 48030K, capacity 49211K, committed 49408K, reserved 1091584K
  class space    used 6162K, capacity 6640K, committed 6656K, reserved 1048576K
}
Event: 10.472 GC heap after
{Heap after GC invocations=11 (full 0):
 garbage-first heap   total 157696K, used 32492K [0x0000000080000000, 0x0000000100000000)
  region size 1024K, 10 young (10240K), 10 survivors (10240K)
 Metaspace       used 48030K, capacity 49211K, committed 49408K, reserved 1091584K
  class space    used 6162K, capacity 6640K, committed 6656K, reserved 1048576K
}
Event: 12.547 GC heap before
{Heap before GC invocations=11 (full 0):
 garbage-first heap   total 157696K, used 122604K [0x0000000080000000, 0x0000000100000000)
  region size 1024K, 91 young (93184K), 10 survivors (10240K)
 Metaspace       used 54182K, capacity 55519K, committed 55552K, reserved 1097728K
  class space    used 6940K, capacity 7423K, committed 7424K, reserved 1048576K
}
Event: 12.577 GC heap after
{Heap after GC invocations=12 (full 0):
 garbage-first heap   total 189440K, used 51955K [0x0000000080000000, 0x0000000100000000)
  region size 1024K, 12 young (12288K), 12 survivors (12288K)
 Metaspace       used 54182K, capacity 55519K, committed 55552K, reserved 1097728K
  class space    used 6940K, capacity 7423K, committed 7424K, reserved 1048576K
}
Event: 13.315 GC heap before
{Heap before GC invocations=12 (full 0):
 garbage-first heap   total 189440K, used 80627K [0x0000000080000000, 0x0000000100000000)
  region size 1024K, 41 young (41984K), 12 survivors (12288K)
 Metaspace       used 58376K, capacity 59809K, committed 59948K, reserved 1101824K
  class space    used 7441K, capacity 7996K, committed 8064K, reserved 1048576K
}
Event: 13.340 GC heap after
{Heap after GC invocations=13 (full 0):
 garbage-first heap   total 189440K, used 54617K [0x0000000080000000, 0x0000000100000000)
  region size 1024K, 2 young (2048K), 2 survivors (2048K)
 Metaspace       used 58376K, capacity 59809K, committed 59948K, reserved 1101824K
  class space    used 7441K, capacity 7996K, committed 8064K, reserved 1048576K
}
Event: 14.642 GC heap before
{Heap before GC invocations=14 (full 0):
 garbage-first heap   total 189440K, used 119129K [0x0000000080000000, 0x0000000100000000)
  region size 1024K, 65 young (66560K), 2 survivors (2048K)
 Metaspace       used 64868K, capacity 66393K, committed 66732K, reserved 1107968K
  class space    used 8245K, capacity 8836K, committed 8960K, reserved 1048576K
}
Event: 14.660 GC heap after
{Heap after GC invocations=15 (full 0):
 garbage-first heap   total 189440K, used 59737K [0x0000000080000000, 0x0000000100000000)
  region size 1024K, 7 young (7168K), 7 survivors (7168K)
 Metaspace       used 64868K, capacity 66393K, committed 66732K, reserved 1107968K
  class space    used 8245K, capacity 8836K, committed 8960K, reserved 1048576K
}
Event: 15.933 GC heap before
{Heap before GC invocations=16 (full 0):
 garbage-first heap   total 189440K, used 125273K [0x0000000080000000, 0x0000000100000000)
  region size 1024K, 71 young (72704K), 7 survivors (7168K)
 Metaspace       used 68010K, capacity 69560K, committed 69676K, reserved 1110016K
  class space    used 8667K, capacity 9266K, committed 9344K, reserved 1048576K
}
Event: 15.953 GC heap after
{Heap after GC invocations=17 (full 0):
 garbage-first heap   total 189440K, used 63870K [0x0000000080000000, 0x0000000100000000)
  region size 1024K, 5 young (5120K), 5 survivors (5120K)
 Metaspace       used 68010K, capacity 69560K, committed 69676K, reserved 1110016K
  class space    used 8667K, capacity 9266K, committed 9344K, reserved 1048576K
}
Event: 17.511 GC heap before
{Heap before GC invocations=17 (full 0):
 garbage-first heap   total 189440K, used 130430K [0x0000000080000000, 0x0000000100000000)
  region size 1024K, 70 young (71680K), 5 survivors (5120K)
 Metaspace       used 74299K, capacity 75944K, committed 76076K, reserved 1116160K
  class space    used 9645K, capacity 10255K, committed 10368K, reserved 1048576K
}
Event: 17.529 GC heap after
{Heap after GC invocations=18 (full 0):
 garbage-first heap   total 227328K, used 67587K [0x0000000080000000, 0x0000000100000000)
  region size 1024K, 9 young (9216K), 9 survivors (9216K)
 Metaspace       used 74299K, capacity 75944K, committed 76076K, reserved 1116160K
  class space    used 9645K, capacity 10255K, committed 10368K, reserved 1048576K
}

